[I 160821 02:26:53 comm:38] HTTPServerRequest(protocol='http', host='localhost:8003', method='GET', uri='/', version='HTTP/1.1', remote_ip='::1', headers={'Accept-Language': 'zh-CN,zh;q=0.8,en;q=0.6', 'Accept-Encoding': 'gzip, deflate, sdch', 'Host': 'localhost:8003', 'Accept': 'text/html,application/xhtml+xml,application/xml;q=0.9,image/webp,*/*;q=0.8', 'User-Agent': 'Mozilla/5.0 (Macintosh; Intel Mac OS X 10_10_5) AppleWebKit/537.36 (KHTML, like Gecko) Chrome/51.0.2704.103 Safari/537.36', 'Connection': 'keep-alive', 'Cookie': 'qor-example=MTQ3MDQ2MTY2OHxEdi1CQkFFQ180SUFBUkFCRUFBQUJQLUNBQUE9fObADeHvkNdCwW9XFUNKZhB0ZRtK-LUncd3UVxF03AiZ; _xsrf=2|6c932d55|0ede9beab9873f6f51152cdd9c5566ae|1470484366; ticket="2|1:0|10:1470484377|6:ticket|44:MDQyY2IzM2Y2ZjhjNGU3ZmI5ZWE5NzAzZDFhZWFiZDk=|a985aa97e1a9fa535bb8029b600bfccf6ff6b141f127aa0fcec2d09206a32cb2"; account_id="2|1:0|10:1471239273|10:account_id|44:ZTE2YjAyMjllYjc4NGJjMWFmMWUwYzNjYTg5ZjYwM2E=|b77275f4104bfd46e1a0fb9de6a5f7c8a0ab2ec4d75cc4a3b30b1fadf9c612af"; gosessionid=ce6e43a01fb2320ff857d80c08922c76; remember_me="2|1:0|10:1471586350|11:remember_me|4:b24=|758175469902e26fa3d223e2dbe67fd926596ce8b97466750916a0fdd5bc359b"; vendor_id="2|1:0|10:1471586350|9:vendor_id|44:ZWNjYjAxZmEyZWVlNGNlMTkyNGVmMTkzMzdiYjhhMjg=|c1315c946d7a3c629aac5f50095cf29b7a2945061d72767d6acca25554782924"; login_name="2|1:0|10:1471598870|10:login_name|16:MTg2MjUyMTk1ODM=|142426dfcb9db0c0399218fddb8e06b8703d5484e67749c00c3c9ffd818037f0"; Hm_lvt_ba76f8230db5f616edc89ce066670710=1471323171; Hm_lpvt_ba76f8230db5f616edc89ce066670710=1471601247', 'If-None-Match': '"6de9963deabfd028b5c0768938e61ced22ae2e4e"', 'Upgrade-Insecure-Requests': '1'})
[I 160821 02:26:53 web:1946] 304 GET / (::1) 3.78ms
[I 160821 02:26:53 web:1946] 304 GET /images/bg.jpg (::1) 1.04ms
[I 160821 02:27:02 comm:44] HTTPServerRequest(protocol='http', host='localhost:8003', method='POST', uri='/api/qrcode', version='HTTP/1.1', remote_ip='::1', headers={'Origin': 'http://localhost:8003', 'Content-Length': '4', 'Accept-Language': 'zh-CN,zh;q=0.8,en;q=0.6', 'Accept-Encoding': 'gzip, deflate', 'Host': 'localhost:8003', 'Accept': '*/*', 'User-Agent': 'Mozilla/5.0 (Macintosh; Intel Mac OS X 10_10_5) AppleWebKit/537.36 (KHTML, like Gecko) Chrome/51.0.2704.103 Safari/537.36', 'Connection': 'keep-alive', 'X-Requested-With': 'XMLHttpRequest', 'Referer': 'http://localhost:8003/', 'Cookie': 'qor-example=MTQ3MDQ2MTY2OHxEdi1CQkFFQ180SUFBUkFCRUFBQUJQLUNBQUE9fObADeHvkNdCwW9XFUNKZhB0ZRtK-LUncd3UVxF03AiZ; _xsrf=2|6c932d55|0ede9beab9873f6f51152cdd9c5566ae|1470484366; ticket="2|1:0|10:1470484377|6:ticket|44:MDQyY2IzM2Y2ZjhjNGU3ZmI5ZWE5NzAzZDFhZWFiZDk=|a985aa97e1a9fa535bb8029b600bfccf6ff6b141f127aa0fcec2d09206a32cb2"; account_id="2|1:0|10:1471239273|10:account_id|44:ZTE2YjAyMjllYjc4NGJjMWFmMWUwYzNjYTg5ZjYwM2E=|b77275f4104bfd46e1a0fb9de6a5f7c8a0ab2ec4d75cc4a3b30b1fadf9c612af"; gosessionid=ce6e43a01fb2320ff857d80c08922c76; remember_me="2|1:0|10:1471586350|11:remember_me|4:b24=|758175469902e26fa3d223e2dbe67fd926596ce8b97466750916a0fdd5bc359b"; vendor_id="2|1:0|10:1471586350|9:vendor_id|44:ZWNjYjAxZmEyZWVlNGNlMTkyNGVmMTkzMzdiYjhhMjg=|c1315c946d7a3c629aac5f50095cf29b7a2945061d72767d6acca25554782924"; login_name="2|1:0|10:1471598870|10:login_name|16:MTg2MjUyMTk1ODM=|142426dfcb9db0c0399218fddb8e06b8703d5484e67749c00c3c9ffd818037f0"; Hm_lvt_ba76f8230db5f616edc89ce066670710=1471323171; Hm_lpvt_ba76f8230db5f616edc89ce066670710=1471601247', 'Content-Type': 'application/x-www-form-urlencoded; charset=UTF-8'})
[I 160821 02:27:02 comm:47] got _url u''
[E 160821 02:27:03 web:1524] Uncaught exception POST /api/qrcode (::1)
    HTTPServerRequest(protocol='http', host='localhost:8003', method='POST', uri='/api/qrcode', version='HTTP/1.1', remote_ip='::1', headers={'Origin': 'http://localhost:8003', 'Content-Length': '4', 'Accept-Language': 'zh-CN,zh;q=0.8,en;q=0.6', 'Accept-Encoding': 'gzip, deflate', 'Host': 'localhost:8003', 'Accept': '*/*', 'User-Agent': 'Mozilla/5.0 (Macintosh; Intel Mac OS X 10_10_5) AppleWebKit/537.36 (KHTML, like Gecko) Chrome/51.0.2704.103 Safari/537.36', 'Connection': 'keep-alive', 'X-Requested-With': 'XMLHttpRequest', 'Referer': 'http://localhost:8003/', 'Cookie': 'qor-example=MTQ3MDQ2MTY2OHxEdi1CQkFFQ180SUFBUkFCRUFBQUJQLUNBQUE9fObADeHvkNdCwW9XFUNKZhB0ZRtK-LUncd3UVxF03AiZ; _xsrf=2|6c932d55|0ede9beab9873f6f51152cdd9c5566ae|1470484366; ticket="2|1:0|10:1470484377|6:ticket|44:MDQyY2IzM2Y2ZjhjNGU3ZmI5ZWE5NzAzZDFhZWFiZDk=|a985aa97e1a9fa535bb8029b600bfccf6ff6b141f127aa0fcec2d09206a32cb2"; account_id="2|1:0|10:1471239273|10:account_id|44:ZTE2YjAyMjllYjc4NGJjMWFmMWUwYzNjYTg5ZjYwM2E=|b77275f4104bfd46e1a0fb9de6a5f7c8a0ab2ec4d75cc4a3b30b1fadf9c612af"; gosessionid=ce6e43a01fb2320ff857d80c08922c76; remember_me="2|1:0|10:1471586350|11:remember_me|4:b24=|758175469902e26fa3d223e2dbe67fd926596ce8b97466750916a0fdd5bc359b"; vendor_id="2|1:0|10:1471586350|9:vendor_id|44:ZWNjYjAxZmEyZWVlNGNlMTkyNGVmMTkzMzdiYjhhMjg=|c1315c946d7a3c629aac5f50095cf29b7a2945061d72767d6acca25554782924"; login_name="2|1:0|10:1471598870|10:login_name|16:MTg2MjUyMTk1ODM=|142426dfcb9db0c0399218fddb8e06b8703d5484e67749c00c3c9ffd818037f0"; Hm_lvt_ba76f8230db5f616edc89ce066670710=1471323171; Hm_lpvt_ba76f8230db5f616edc89ce066670710=1471601247', 'Content-Type': 'application/x-www-form-urlencoded; charset=UTF-8'})
    Traceback (most recent call last):
      File "/Library/Python/2.7/site-packages/tornado-4.4.dev1-py2.7-macosx-10.10-intel.egg/tornado/web.py", line 1443, in _execute
        result = method(*self.path_args, **self.path_kwargs)
      File "/Users/thomas/backbone/qrcode/foo/comm.py", line 71, in post
        img.save('static/qrcode/' + _date + _id + '.png')     # Save file
      File "/Library/Python/2.7/site-packages/qrcode/image/pil.py", line 47, in save
        self._img.save(stream, format=format, **kwargs)
      File "/Library/Python/2.7/site-packages/PIL/Image.py", line 1684, in save
        fp = builtins.open(filename, "wb")
    IOError: [Errno 2] No such file or directory: 'static/qrcode/2016/08/21/02/27/03/b0d0e6cc670311e69af6a45e60efbf2d.png'
[E 160821 02:27:03 web:1946] 500 POST /api/qrcode (::1) 89.49ms
[I 160821 02:34:25 autoreload:204] /Users/thomas/backbone/qrcode/foo/comm.py modified; restarting server
[I 160821 02:34:31 comm:45] HTTPServerRequest(protocol='http', host='localhost:8003', method='POST', uri='/api/qrcode', version='HTTP/1.1', remote_ip='::1', headers={'Origin': 'http://localhost:8003', 'Content-Length': '4', 'Accept-Language': 'zh-CN,zh;q=0.8,en;q=0.6', 'Accept-Encoding': 'gzip, deflate', 'Host': 'localhost:8003', 'Accept': '*/*', 'User-Agent': 'Mozilla/5.0 (Macintosh; Intel Mac OS X 10_10_5) AppleWebKit/537.36 (KHTML, like Gecko) Chrome/51.0.2704.103 Safari/537.36', 'Connection': 'keep-alive', 'X-Requested-With': 'XMLHttpRequest', 'Referer': 'http://localhost:8003/', 'Cookie': 'qor-example=MTQ3MDQ2MTY2OHxEdi1CQkFFQ180SUFBUkFCRUFBQUJQLUNBQUE9fObADeHvkNdCwW9XFUNKZhB0ZRtK-LUncd3UVxF03AiZ; _xsrf=2|6c932d55|0ede9beab9873f6f51152cdd9c5566ae|1470484366; ticket="2|1:0|10:1470484377|6:ticket|44:MDQyY2IzM2Y2ZjhjNGU3ZmI5ZWE5NzAzZDFhZWFiZDk=|a985aa97e1a9fa535bb8029b600bfccf6ff6b141f127aa0fcec2d09206a32cb2"; account_id="2|1:0|10:1471239273|10:account_id|44:ZTE2YjAyMjllYjc4NGJjMWFmMWUwYzNjYTg5ZjYwM2E=|b77275f4104bfd46e1a0fb9de6a5f7c8a0ab2ec4d75cc4a3b30b1fadf9c612af"; gosessionid=ce6e43a01fb2320ff857d80c08922c76; remember_me="2|1:0|10:1471586350|11:remember_me|4:b24=|758175469902e26fa3d223e2dbe67fd926596ce8b97466750916a0fdd5bc359b"; vendor_id="2|1:0|10:1471586350|9:vendor_id|44:ZWNjYjAxZmEyZWVlNGNlMTkyNGVmMTkzMzdiYjhhMjg=|c1315c946d7a3c629aac5f50095cf29b7a2945061d72767d6acca25554782924"; login_name="2|1:0|10:1471598870|10:login_name|16:MTg2MjUyMTk1ODM=|142426dfcb9db0c0399218fddb8e06b8703d5484e67749c00c3c9ffd818037f0"; Hm_lvt_ba76f8230db5f616edc89ce066670710=1471323171; Hm_lpvt_ba76f8230db5f616edc89ce066670710=1471601247', 'Content-Type': 'application/x-www-form-urlencoded; charset=UTF-8'})
[I 160821 02:34:31 comm:48] got _url u''
[E 160821 02:34:31 web:1524] Uncaught exception POST /api/qrcode (::1)
    HTTPServerRequest(protocol='http', host='localhost:8003', method='POST', uri='/api/qrcode', version='HTTP/1.1', remote_ip='::1', headers={'Origin': 'http://localhost:8003', 'Content-Length': '4', 'Accept-Language': 'zh-CN,zh;q=0.8,en;q=0.6', 'Accept-Encoding': 'gzip, deflate', 'Host': 'localhost:8003', 'Accept': '*/*', 'User-Agent': 'Mozilla/5.0 (Macintosh; Intel Mac OS X 10_10_5) AppleWebKit/537.36 (KHTML, like Gecko) Chrome/51.0.2704.103 Safari/537.36', 'Connection': 'keep-alive', 'X-Requested-With': 'XMLHttpRequest', 'Referer': 'http://localhost:8003/', 'Cookie': 'qor-example=MTQ3MDQ2MTY2OHxEdi1CQkFFQ180SUFBUkFCRUFBQUJQLUNBQUE9fObADeHvkNdCwW9XFUNKZhB0ZRtK-LUncd3UVxF03AiZ; _xsrf=2|6c932d55|0ede9beab9873f6f51152cdd9c5566ae|1470484366; ticket="2|1:0|10:1470484377|6:ticket|44:MDQyY2IzM2Y2ZjhjNGU3ZmI5ZWE5NzAzZDFhZWFiZDk=|a985aa97e1a9fa535bb8029b600bfccf6ff6b141f127aa0fcec2d09206a32cb2"; account_id="2|1:0|10:1471239273|10:account_id|44:ZTE2YjAyMjllYjc4NGJjMWFmMWUwYzNjYTg5ZjYwM2E=|b77275f4104bfd46e1a0fb9de6a5f7c8a0ab2ec4d75cc4a3b30b1fadf9c612af"; gosessionid=ce6e43a01fb2320ff857d80c08922c76; remember_me="2|1:0|10:1471586350|11:remember_me|4:b24=|758175469902e26fa3d223e2dbe67fd926596ce8b97466750916a0fdd5bc359b"; vendor_id="2|1:0|10:1471586350|9:vendor_id|44:ZWNjYjAxZmEyZWVlNGNlMTkyNGVmMTkzMzdiYjhhMjg=|c1315c946d7a3c629aac5f50095cf29b7a2945061d72767d6acca25554782924"; login_name="2|1:0|10:1471598870|10:login_name|16:MTg2MjUyMTk1ODM=|142426dfcb9db0c0399218fddb8e06b8703d5484e67749c00c3c9ffd818037f0"; Hm_lvt_ba76f8230db5f616edc89ce066670710=1471323171; Hm_lpvt_ba76f8230db5f616edc89ce066670710=1471601247', 'Content-Type': 'application/x-www-form-urlencoded; charset=UTF-8'})
    Traceback (most recent call last):
      File "/Library/Python/2.7/site-packages/tornado-4.4.dev1-py2.7-macosx-10.10-intel.egg/tornado/web.py", line 1443, in _execute
        result = method(*self.path_args, **self.path_kwargs)
      File "/Users/thomas/backbone/qrcode/foo/comm.py", line 72, in post
        os.mkdirs(_date)
    AttributeError: 'module' object has no attribute 'mkdirs'
[E 160821 02:34:31 web:1946] 500 POST /api/qrcode (::1) 55.98ms
[I 160821 02:34:59 autoreload:204] /Users/thomas/backbone/qrcode/foo/comm.py modified; restarting server
[I 160821 02:35:04 comm:39] HTTPServerRequest(protocol='http', host='localhost:8003', method='GET', uri='/', version='HTTP/1.1', remote_ip='::1', headers={'Accept-Language': 'zh-CN,zh;q=0.8,en;q=0.6', 'Accept-Encoding': 'gzip, deflate, sdch', 'Host': 'localhost:8003', 'Accept': 'text/html,application/xhtml+xml,application/xml;q=0.9,image/webp,*/*;q=0.8', 'User-Agent': 'Mozilla/5.0 (Macintosh; Intel Mac OS X 10_10_5) AppleWebKit/537.36 (KHTML, like Gecko) Chrome/51.0.2704.103 Safari/537.36', 'Connection': 'keep-alive', 'Cookie': 'qor-example=MTQ3MDQ2MTY2OHxEdi1CQkFFQ180SUFBUkFCRUFBQUJQLUNBQUE9fObADeHvkNdCwW9XFUNKZhB0ZRtK-LUncd3UVxF03AiZ; _xsrf=2|6c932d55|0ede9beab9873f6f51152cdd9c5566ae|1470484366; ticket="2|1:0|10:1470484377|6:ticket|44:MDQyY2IzM2Y2ZjhjNGU3ZmI5ZWE5NzAzZDFhZWFiZDk=|a985aa97e1a9fa535bb8029b600bfccf6ff6b141f127aa0fcec2d09206a32cb2"; account_id="2|1:0|10:1471239273|10:account_id|44:ZTE2YjAyMjllYjc4NGJjMWFmMWUwYzNjYTg5ZjYwM2E=|b77275f4104bfd46e1a0fb9de6a5f7c8a0ab2ec4d75cc4a3b30b1fadf9c612af"; gosessionid=ce6e43a01fb2320ff857d80c08922c76; remember_me="2|1:0|10:1471586350|11:remember_me|4:b24=|758175469902e26fa3d223e2dbe67fd926596ce8b97466750916a0fdd5bc359b"; vendor_id="2|1:0|10:1471586350|9:vendor_id|44:ZWNjYjAxZmEyZWVlNGNlMTkyNGVmMTkzMzdiYjhhMjg=|c1315c946d7a3c629aac5f50095cf29b7a2945061d72767d6acca25554782924"; login_name="2|1:0|10:1471598870|10:login_name|16:MTg2MjUyMTk1ODM=|142426dfcb9db0c0399218fddb8e06b8703d5484e67749c00c3c9ffd818037f0"; Hm_lvt_ba76f8230db5f616edc89ce066670710=1471323171; Hm_lpvt_ba76f8230db5f616edc89ce066670710=1471601247', 'Cache-Control': 'max-age=0', 'If-None-Match': '"6de9963deabfd028b5c0768938e61ced22ae2e4e"', 'Upgrade-Insecure-Requests': '1'})
[I 160821 02:35:04 web:1946] 304 GET / (::1) 3.89ms
[I 160821 02:35:05 web:1946] 304 GET /static/css/main.css (::1) 9.11ms
[I 160821 02:35:05 web:1946] 304 GET /static/images/pic04.jpg (::1) 0.60ms
[I 160821 02:35:05 web:1946] 304 GET /static/js/jquery.min.js (::1) 1.18ms
[I 160821 02:35:05 web:1946] 304 GET /static/js/jquery.scrollex.min.js (::1) 0.71ms
[I 160821 02:35:05 web:1946] 304 GET /static/js/jquery.scrolly.min.js (::1) 0.50ms
[I 160821 02:35:05 web:1946] 304 GET /static/js/skel.min.js (::1) 0.63ms
[I 160821 02:35:05 web:1946] 304 GET /static/js/util.js (::1) 0.46ms
[I 160821 02:35:05 web:1946] 304 GET /static/js/main.js (::1) 0.44ms
[I 160821 02:35:05 web:1946] 304 GET /static/css/font-awesome.min.css (::1) 0.51ms
[I 160821 02:35:05 web:1946] 304 GET /static/css/images/overlay.png (::1) 0.66ms
[I 160821 02:35:05 web:1946] 304 GET /static/css/images/arrow.svg (::1) 0.51ms
[I 160821 02:35:05 web:1946] 304 GET /static/fonts/fontawesome-webfont.woff2?v=4.4.0 (::1) 0.71ms
[I 160821 02:35:05 web:1946] 304 GET /images/bg.jpg (::1) 0.99ms
[I 160821 02:35:06 comm:45] HTTPServerRequest(protocol='http', host='localhost:8003', method='POST', uri='/api/qrcode', version='HTTP/1.1', remote_ip='::1', headers={'Origin': 'http://localhost:8003', 'Content-Length': '4', 'Accept-Language': 'zh-CN,zh;q=0.8,en;q=0.6', 'Accept-Encoding': 'gzip, deflate', 'Host': 'localhost:8003', 'Accept': '*/*', 'User-Agent': 'Mozilla/5.0 (Macintosh; Intel Mac OS X 10_10_5) AppleWebKit/537.36 (KHTML, like Gecko) Chrome/51.0.2704.103 Safari/537.36', 'Connection': 'keep-alive', 'X-Requested-With': 'XMLHttpRequest', 'Referer': 'http://localhost:8003/', 'Cookie': 'qor-example=MTQ3MDQ2MTY2OHxEdi1CQkFFQ180SUFBUkFCRUFBQUJQLUNBQUE9fObADeHvkNdCwW9XFUNKZhB0ZRtK-LUncd3UVxF03AiZ; _xsrf=2|6c932d55|0ede9beab9873f6f51152cdd9c5566ae|1470484366; ticket="2|1:0|10:1470484377|6:ticket|44:MDQyY2IzM2Y2ZjhjNGU3ZmI5ZWE5NzAzZDFhZWFiZDk=|a985aa97e1a9fa535bb8029b600bfccf6ff6b141f127aa0fcec2d09206a32cb2"; account_id="2|1:0|10:1471239273|10:account_id|44:ZTE2YjAyMjllYjc4NGJjMWFmMWUwYzNjYTg5ZjYwM2E=|b77275f4104bfd46e1a0fb9de6a5f7c8a0ab2ec4d75cc4a3b30b1fadf9c612af"; gosessionid=ce6e43a01fb2320ff857d80c08922c76; remember_me="2|1:0|10:1471586350|11:remember_me|4:b24=|758175469902e26fa3d223e2dbe67fd926596ce8b97466750916a0fdd5bc359b"; vendor_id="2|1:0|10:1471586350|9:vendor_id|44:ZWNjYjAxZmEyZWVlNGNlMTkyNGVmMTkzMzdiYjhhMjg=|c1315c946d7a3c629aac5f50095cf29b7a2945061d72767d6acca25554782924"; login_name="2|1:0|10:1471598870|10:login_name|16:MTg2MjUyMTk1ODM=|142426dfcb9db0c0399218fddb8e06b8703d5484e67749c00c3c9ffd818037f0"; Hm_lvt_ba76f8230db5f616edc89ce066670710=1471323171; Hm_lpvt_ba76f8230db5f616edc89ce066670710=1471601247', 'Content-Type': 'application/x-www-form-urlencoded; charset=UTF-8'})
[I 160821 02:35:06 comm:48] got _url u''
[E 160821 02:35:06 web:1524] Uncaught exception POST /api/qrcode (::1)
    HTTPServerRequest(protocol='http', host='localhost:8003', method='POST', uri='/api/qrcode', version='HTTP/1.1', remote_ip='::1', headers={'Origin': 'http://localhost:8003', 'Content-Length': '4', 'Accept-Language': 'zh-CN,zh;q=0.8,en;q=0.6', 'Accept-Encoding': 'gzip, deflate', 'Host': 'localhost:8003', 'Accept': '*/*', 'User-Agent': 'Mozilla/5.0 (Macintosh; Intel Mac OS X 10_10_5) AppleWebKit/537.36 (KHTML, like Gecko) Chrome/51.0.2704.103 Safari/537.36', 'Connection': 'keep-alive', 'X-Requested-With': 'XMLHttpRequest', 'Referer': 'http://localhost:8003/', 'Cookie': 'qor-example=MTQ3MDQ2MTY2OHxEdi1CQkFFQ180SUFBUkFCRUFBQUJQLUNBQUE9fObADeHvkNdCwW9XFUNKZhB0ZRtK-LUncd3UVxF03AiZ; _xsrf=2|6c932d55|0ede9beab9873f6f51152cdd9c5566ae|1470484366; ticket="2|1:0|10:1470484377|6:ticket|44:MDQyY2IzM2Y2ZjhjNGU3ZmI5ZWE5NzAzZDFhZWFiZDk=|a985aa97e1a9fa535bb8029b600bfccf6ff6b141f127aa0fcec2d09206a32cb2"; account_id="2|1:0|10:1471239273|10:account_id|44:ZTE2YjAyMjllYjc4NGJjMWFmMWUwYzNjYTg5ZjYwM2E=|b77275f4104bfd46e1a0fb9de6a5f7c8a0ab2ec4d75cc4a3b30b1fadf9c612af"; gosessionid=ce6e43a01fb2320ff857d80c08922c76; remember_me="2|1:0|10:1471586350|11:remember_me|4:b24=|758175469902e26fa3d223e2dbe67fd926596ce8b97466750916a0fdd5bc359b"; vendor_id="2|1:0|10:1471586350|9:vendor_id|44:ZWNjYjAxZmEyZWVlNGNlMTkyNGVmMTkzMzdiYjhhMjg=|c1315c946d7a3c629aac5f50095cf29b7a2945061d72767d6acca25554782924"; login_name="2|1:0|10:1471598870|10:login_name|16:MTg2MjUyMTk1ODM=|142426dfcb9db0c0399218fddb8e06b8703d5484e67749c00c3c9ffd818037f0"; Hm_lvt_ba76f8230db5f616edc89ce066670710=1471323171; Hm_lpvt_ba76f8230db5f616edc89ce066670710=1471601247', 'Content-Type': 'application/x-www-form-urlencoded; charset=UTF-8'})
    Traceback (most recent call last):
      File "/Library/Python/2.7/site-packages/tornado-4.4.dev1-py2.7-macosx-10.10-intel.egg/tornado/web.py", line 1443, in _execute
        result = method(*self.path_args, **self.path_kwargs)
      File "/Users/thomas/backbone/qrcode/foo/comm.py", line 73, in post
        img.save('static/qrcode/' + _date + _id + '.png')     # Save file
      File "/Library/Python/2.7/site-packages/qrcode/image/pil.py", line 47, in save
        self._img.save(stream, format=format, **kwargs)
      File "/Library/Python/2.7/site-packages/PIL/Image.py", line 1684, in save
        fp = builtins.open(filename, "wb")
    IOError: [Errno 2] No such file or directory: 'static/qrcode/2016/08/21/02/35/06/d13a1607670411e6adb0a45e60efbf2d.png'
[E 160821 02:35:06 web:1946] 500 POST /api/qrcode (::1) 70.92ms
[I 160821 02:42:36 autoreload:204] /Users/thomas/backbone/qrcode/foo/comm.py modified; restarting server
[I 160821 02:42:45 comm:39] HTTPServerRequest(protocol='http', host='localhost:8003', method='GET', uri='/', version='HTTP/1.1', remote_ip='::1', headers={'Accept-Language': 'zh-CN,zh;q=0.8,en;q=0.6', 'Accept-Encoding': 'gzip, deflate, sdch', 'Host': 'localhost:8003', 'Accept': 'text/html,application/xhtml+xml,application/xml;q=0.9,image/webp,*/*;q=0.8', 'User-Agent': 'Mozilla/5.0 (Macintosh; Intel Mac OS X 10_10_5) AppleWebKit/537.36 (KHTML, like Gecko) Chrome/51.0.2704.103 Safari/537.36', 'Connection': 'keep-alive', 'Cookie': 'qor-example=MTQ3MDQ2MTY2OHxEdi1CQkFFQ180SUFBUkFCRUFBQUJQLUNBQUE9fObADeHvkNdCwW9XFUNKZhB0ZRtK-LUncd3UVxF03AiZ; _xsrf=2|6c932d55|0ede9beab9873f6f51152cdd9c5566ae|1470484366; ticket="2|1:0|10:1470484377|6:ticket|44:MDQyY2IzM2Y2ZjhjNGU3ZmI5ZWE5NzAzZDFhZWFiZDk=|a985aa97e1a9fa535bb8029b600bfccf6ff6b141f127aa0fcec2d09206a32cb2"; account_id="2|1:0|10:1471239273|10:account_id|44:ZTE2YjAyMjllYjc4NGJjMWFmMWUwYzNjYTg5ZjYwM2E=|b77275f4104bfd46e1a0fb9de6a5f7c8a0ab2ec4d75cc4a3b30b1fadf9c612af"; gosessionid=ce6e43a01fb2320ff857d80c08922c76; remember_me="2|1:0|10:1471586350|11:remember_me|4:b24=|758175469902e26fa3d223e2dbe67fd926596ce8b97466750916a0fdd5bc359b"; vendor_id="2|1:0|10:1471586350|9:vendor_id|44:ZWNjYjAxZmEyZWVlNGNlMTkyNGVmMTkzMzdiYjhhMjg=|c1315c946d7a3c629aac5f50095cf29b7a2945061d72767d6acca25554782924"; login_name="2|1:0|10:1471598870|10:login_name|16:MTg2MjUyMTk1ODM=|142426dfcb9db0c0399218fddb8e06b8703d5484e67749c00c3c9ffd818037f0"; Hm_lvt_ba76f8230db5f616edc89ce066670710=1471323171; Hm_lpvt_ba76f8230db5f616edc89ce066670710=1471601247', 'Cache-Control': 'max-age=0', 'If-None-Match': '"6de9963deabfd028b5c0768938e61ced22ae2e4e"', 'Upgrade-Insecure-Requests': '1'})
[I 160821 02:42:45 web:1946] 304 GET / (::1) 3.73ms
[I 160821 02:42:45 web:1946] 304 GET /static/css/main.css (::1) 4.93ms
[I 160821 02:42:45 web:1946] 304 GET /static/images/pic04.jpg (::1) 0.49ms
[I 160821 02:42:45 web:1946] 304 GET /static/js/jquery.min.js (::1) 0.84ms
[I 160821 02:42:45 web:1946] 304 GET /static/js/jquery.scrollex.min.js (::1) 0.59ms
[I 160821 02:42:45 web:1946] 304 GET /static/js/jquery.scrolly.min.js (::1) 0.50ms
[I 160821 02:42:45 web:1946] 304 GET /static/js/skel.min.js (::1) 0.53ms
[I 160821 02:42:45 web:1946] 304 GET /static/js/util.js (::1) 0.46ms
[I 160821 02:42:45 web:1946] 304 GET /static/js/main.js (::1) 0.48ms
[I 160821 02:42:45 web:1946] 304 GET /static/css/font-awesome.min.css (::1) 0.62ms
[I 160821 02:42:45 web:1946] 304 GET /static/css/images/overlay.png (::1) 0.70ms
[I 160821 02:42:45 web:1946] 304 GET /static/css/images/arrow.svg (::1) 0.53ms
[I 160821 02:42:45 web:1946] 304 GET /static/fonts/fontawesome-webfont.woff2?v=4.4.0 (::1) 0.82ms
[I 160821 02:42:45 web:1946] 304 GET /images/bg.jpg (::1) 1.03ms
[I 160821 02:42:47 comm:45] HTTPServerRequest(protocol='http', host='localhost:8003', method='POST', uri='/api/qrcode', version='HTTP/1.1', remote_ip='::1', headers={'Origin': 'http://localhost:8003', 'Content-Length': '4', 'Accept-Language': 'zh-CN,zh;q=0.8,en;q=0.6', 'Accept-Encoding': 'gzip, deflate', 'Host': 'localhost:8003', 'Accept': '*/*', 'User-Agent': 'Mozilla/5.0 (Macintosh; Intel Mac OS X 10_10_5) AppleWebKit/537.36 (KHTML, like Gecko) Chrome/51.0.2704.103 Safari/537.36', 'Connection': 'keep-alive', 'X-Requested-With': 'XMLHttpRequest', 'Referer': 'http://localhost:8003/', 'Cookie': 'qor-example=MTQ3MDQ2MTY2OHxEdi1CQkFFQ180SUFBUkFCRUFBQUJQLUNBQUE9fObADeHvkNdCwW9XFUNKZhB0ZRtK-LUncd3UVxF03AiZ; _xsrf=2|6c932d55|0ede9beab9873f6f51152cdd9c5566ae|1470484366; ticket="2|1:0|10:1470484377|6:ticket|44:MDQyY2IzM2Y2ZjhjNGU3ZmI5ZWE5NzAzZDFhZWFiZDk=|a985aa97e1a9fa535bb8029b600bfccf6ff6b141f127aa0fcec2d09206a32cb2"; account_id="2|1:0|10:1471239273|10:account_id|44:ZTE2YjAyMjllYjc4NGJjMWFmMWUwYzNjYTg5ZjYwM2E=|b77275f4104bfd46e1a0fb9de6a5f7c8a0ab2ec4d75cc4a3b30b1fadf9c612af"; gosessionid=ce6e43a01fb2320ff857d80c08922c76; remember_me="2|1:0|10:1471586350|11:remember_me|4:b24=|758175469902e26fa3d223e2dbe67fd926596ce8b97466750916a0fdd5bc359b"; vendor_id="2|1:0|10:1471586350|9:vendor_id|44:ZWNjYjAxZmEyZWVlNGNlMTkyNGVmMTkzMzdiYjhhMjg=|c1315c946d7a3c629aac5f50095cf29b7a2945061d72767d6acca25554782924"; login_name="2|1:0|10:1471598870|10:login_name|16:MTg2MjUyMTk1ODM=|142426dfcb9db0c0399218fddb8e06b8703d5484e67749c00c3c9ffd818037f0"; Hm_lvt_ba76f8230db5f616edc89ce066670710=1471323171; Hm_lpvt_ba76f8230db5f616edc89ce066670710=1471601247', 'Content-Type': 'application/x-www-form-urlencoded; charset=UTF-8'})
[I 160821 02:42:47 comm:48] got _url u''
[E 160821 02:42:47 web:1524] Uncaught exception POST /api/qrcode (::1)
    HTTPServerRequest(protocol='http', host='localhost:8003', method='POST', uri='/api/qrcode', version='HTTP/1.1', remote_ip='::1', headers={'Origin': 'http://localhost:8003', 'Content-Length': '4', 'Accept-Language': 'zh-CN,zh;q=0.8,en;q=0.6', 'Accept-Encoding': 'gzip, deflate', 'Host': 'localhost:8003', 'Accept': '*/*', 'User-Agent': 'Mozilla/5.0 (Macintosh; Intel Mac OS X 10_10_5) AppleWebKit/537.36 (KHTML, like Gecko) Chrome/51.0.2704.103 Safari/537.36', 'Connection': 'keep-alive', 'X-Requested-With': 'XMLHttpRequest', 'Referer': 'http://localhost:8003/', 'Cookie': 'qor-example=MTQ3MDQ2MTY2OHxEdi1CQkFFQ180SUFBUkFCRUFBQUJQLUNBQUE9fObADeHvkNdCwW9XFUNKZhB0ZRtK-LUncd3UVxF03AiZ; _xsrf=2|6c932d55|0ede9beab9873f6f51152cdd9c5566ae|1470484366; ticket="2|1:0|10:1470484377|6:ticket|44:MDQyY2IzM2Y2ZjhjNGU3ZmI5ZWE5NzAzZDFhZWFiZDk=|a985aa97e1a9fa535bb8029b600bfccf6ff6b141f127aa0fcec2d09206a32cb2"; account_id="2|1:0|10:1471239273|10:account_id|44:ZTE2YjAyMjllYjc4NGJjMWFmMWUwYzNjYTg5ZjYwM2E=|b77275f4104bfd46e1a0fb9de6a5f7c8a0ab2ec4d75cc4a3b30b1fadf9c612af"; gosessionid=ce6e43a01fb2320ff857d80c08922c76; remember_me="2|1:0|10:1471586350|11:remember_me|4:b24=|758175469902e26fa3d223e2dbe67fd926596ce8b97466750916a0fdd5bc359b"; vendor_id="2|1:0|10:1471586350|9:vendor_id|44:ZWNjYjAxZmEyZWVlNGNlMTkyNGVmMTkzMzdiYjhhMjg=|c1315c946d7a3c629aac5f50095cf29b7a2945061d72767d6acca25554782924"; login_name="2|1:0|10:1471598870|10:login_name|16:MTg2MjUyMTk1ODM=|142426dfcb9db0c0399218fddb8e06b8703d5484e67749c00c3c9ffd818037f0"; Hm_lvt_ba76f8230db5f616edc89ce066670710=1471323171; Hm_lpvt_ba76f8230db5f616edc89ce066670710=1471601247', 'Content-Type': 'application/x-www-form-urlencoded; charset=UTF-8'})
    Traceback (most recent call last):
      File "/Library/Python/2.7/site-packages/tornado-4.4.dev1-py2.7-macosx-10.10-intel.egg/tornado/web.py", line 1443, in _execute
        result = method(*self.path_args, **self.path_kwargs)
      File "/Users/thomas/backbone/qrcode/foo/comm.py", line 72, in post
        img.save('static/qrcode/' + _date + _id + '.png')     # Save file
      File "/Library/Python/2.7/site-packages/qrcode/image/pil.py", line 47, in save
        self._img.save(stream, format=format, **kwargs)
      File "/Library/Python/2.7/site-packages/PIL/Image.py", line 1684, in save
        fp = builtins.open(filename, "wb")
    IOError: [Errno 2] No such file or directory: 'static/qrcode/2016/08/21/e37d320c670511e6a58fa45e60efbf2d.png'
[E 160821 02:42:47 web:1946] 500 POST /api/qrcode (::1) 66.28ms
[I 160821 02:43:13 autoreload:204] /Users/thomas/backbone/qrcode/foo/comm.py modified; restarting server
[I 160821 02:45:43 autoreload:204] /Users/thomas/backbone/qrcode/foo/comm.py modified; restarting server
[I 160821 02:46:24 autoreload:204] /Users/thomas/backbone/qrcode/foo/comm.py modified; restarting server
[I 160821 02:47:11 autoreload:204] /Users/thomas/backbone/qrcode/foo/comm.py modified; restarting server
[I 160821 02:47:16 comm:52] HTTPServerRequest(protocol='http', host='localhost:8003', method='GET', uri='/', version='HTTP/1.1', remote_ip='::1', headers={'Accept-Language': 'zh-CN,zh;q=0.8,en;q=0.6', 'Accept-Encoding': 'gzip, deflate, sdch', 'Host': 'localhost:8003', 'Accept': 'text/html,application/xhtml+xml,application/xml;q=0.9,image/webp,*/*;q=0.8', 'User-Agent': 'Mozilla/5.0 (Macintosh; Intel Mac OS X 10_10_5) AppleWebKit/537.36 (KHTML, like Gecko) Chrome/51.0.2704.103 Safari/537.36', 'Connection': 'keep-alive', 'Cookie': 'qor-example=MTQ3MDQ2MTY2OHxEdi1CQkFFQ180SUFBUkFCRUFBQUJQLUNBQUE9fObADeHvkNdCwW9XFUNKZhB0ZRtK-LUncd3UVxF03AiZ; _xsrf=2|6c932d55|0ede9beab9873f6f51152cdd9c5566ae|1470484366; ticket="2|1:0|10:1470484377|6:ticket|44:MDQyY2IzM2Y2ZjhjNGU3ZmI5ZWE5NzAzZDFhZWFiZDk=|a985aa97e1a9fa535bb8029b600bfccf6ff6b141f127aa0fcec2d09206a32cb2"; account_id="2|1:0|10:1471239273|10:account_id|44:ZTE2YjAyMjllYjc4NGJjMWFmMWUwYzNjYTg5ZjYwM2E=|b77275f4104bfd46e1a0fb9de6a5f7c8a0ab2ec4d75cc4a3b30b1fadf9c612af"; gosessionid=ce6e43a01fb2320ff857d80c08922c76; remember_me="2|1:0|10:1471586350|11:remember_me|4:b24=|758175469902e26fa3d223e2dbe67fd926596ce8b97466750916a0fdd5bc359b"; vendor_id="2|1:0|10:1471586350|9:vendor_id|44:ZWNjYjAxZmEyZWVlNGNlMTkyNGVmMTkzMzdiYjhhMjg=|c1315c946d7a3c629aac5f50095cf29b7a2945061d72767d6acca25554782924"; login_name="2|1:0|10:1471598870|10:login_name|16:MTg2MjUyMTk1ODM=|142426dfcb9db0c0399218fddb8e06b8703d5484e67749c00c3c9ffd818037f0"; Hm_lvt_ba76f8230db5f616edc89ce066670710=1471323171; Hm_lpvt_ba76f8230db5f616edc89ce066670710=1471601247', 'Cache-Control': 'max-age=0', 'If-None-Match': '"6de9963deabfd028b5c0768938e61ced22ae2e4e"', 'Upgrade-Insecure-Requests': '1'})
[I 160821 02:47:16 web:1946] 304 GET / (::1) 3.61ms
[I 160821 02:47:16 web:1946] 304 GET /static/css/main.css (::1) 4.90ms
[I 160821 02:47:16 web:1946] 304 GET /static/images/pic04.jpg (::1) 0.53ms
[I 160821 02:47:16 web:1946] 304 GET /static/js/jquery.min.js (::1) 1.01ms
[I 160821 02:47:16 web:1946] 304 GET /static/js/jquery.scrollex.min.js (::1) 0.66ms
[I 160821 02:47:16 web:1946] 304 GET /static/js/jquery.scrolly.min.js (::1) 0.62ms
[I 160821 02:47:16 web:1946] 304 GET /static/js/skel.min.js (::1) 0.52ms
[I 160821 02:47:16 web:1946] 304 GET /static/js/util.js (::1) 0.46ms
[I 160821 02:47:16 web:1946] 304 GET /static/js/main.js (::1) 0.43ms
[I 160821 02:47:16 web:1946] 304 GET /static/css/font-awesome.min.css (::1) 0.53ms
[I 160821 02:47:16 web:1946] 304 GET /static/css/images/overlay.png (::1) 0.62ms
[I 160821 02:47:16 web:1946] 304 GET /static/css/images/arrow.svg (::1) 0.61ms
[I 160821 02:47:16 web:1946] 304 GET /static/fonts/fontawesome-webfont.woff2?v=4.4.0 (::1) 1.22ms
[I 160821 02:47:16 web:1946] 304 GET /images/bg.jpg (::1) 1.29ms
[I 160821 02:47:18 comm:58] HTTPServerRequest(protocol='http', host='localhost:8003', method='POST', uri='/api/qrcode', version='HTTP/1.1', remote_ip='::1', headers={'Origin': 'http://localhost:8003', 'Content-Length': '4', 'Accept-Language': 'zh-CN,zh;q=0.8,en;q=0.6', 'Accept-Encoding': 'gzip, deflate', 'Host': 'localhost:8003', 'Accept': '*/*', 'User-Agent': 'Mozilla/5.0 (Macintosh; Intel Mac OS X 10_10_5) AppleWebKit/537.36 (KHTML, like Gecko) Chrome/51.0.2704.103 Safari/537.36', 'Connection': 'keep-alive', 'X-Requested-With': 'XMLHttpRequest', 'Referer': 'http://localhost:8003/', 'Cookie': 'qor-example=MTQ3MDQ2MTY2OHxEdi1CQkFFQ180SUFBUkFCRUFBQUJQLUNBQUE9fObADeHvkNdCwW9XFUNKZhB0ZRtK-LUncd3UVxF03AiZ; _xsrf=2|6c932d55|0ede9beab9873f6f51152cdd9c5566ae|1470484366; ticket="2|1:0|10:1470484377|6:ticket|44:MDQyY2IzM2Y2ZjhjNGU3ZmI5ZWE5NzAzZDFhZWFiZDk=|a985aa97e1a9fa535bb8029b600bfccf6ff6b141f127aa0fcec2d09206a32cb2"; account_id="2|1:0|10:1471239273|10:account_id|44:ZTE2YjAyMjllYjc4NGJjMWFmMWUwYzNjYTg5ZjYwM2E=|b77275f4104bfd46e1a0fb9de6a5f7c8a0ab2ec4d75cc4a3b30b1fadf9c612af"; gosessionid=ce6e43a01fb2320ff857d80c08922c76; remember_me="2|1:0|10:1471586350|11:remember_me|4:b24=|758175469902e26fa3d223e2dbe67fd926596ce8b97466750916a0fdd5bc359b"; vendor_id="2|1:0|10:1471586350|9:vendor_id|44:ZWNjYjAxZmEyZWVlNGNlMTkyNGVmMTkzMzdiYjhhMjg=|c1315c946d7a3c629aac5f50095cf29b7a2945061d72767d6acca25554782924"; login_name="2|1:0|10:1471598870|10:login_name|16:MTg2MjUyMTk1ODM=|142426dfcb9db0c0399218fddb8e06b8703d5484e67749c00c3c9ffd818037f0"; Hm_lvt_ba76f8230db5f616edc89ce066670710=1471323171; Hm_lpvt_ba76f8230db5f616edc89ce066670710=1471601247', 'Content-Type': 'application/x-www-form-urlencoded; charset=UTF-8'})
[I 160821 02:47:18 comm:61] got _url u''
[E 160821 02:47:18 web:1524] Uncaught exception POST /api/qrcode (::1)
    HTTPServerRequest(protocol='http', host='localhost:8003', method='POST', uri='/api/qrcode', version='HTTP/1.1', remote_ip='::1', headers={'Origin': 'http://localhost:8003', 'Content-Length': '4', 'Accept-Language': 'zh-CN,zh;q=0.8,en;q=0.6', 'Accept-Encoding': 'gzip, deflate', 'Host': 'localhost:8003', 'Accept': '*/*', 'User-Agent': 'Mozilla/5.0 (Macintosh; Intel Mac OS X 10_10_5) AppleWebKit/537.36 (KHTML, like Gecko) Chrome/51.0.2704.103 Safari/537.36', 'Connection': 'keep-alive', 'X-Requested-With': 'XMLHttpRequest', 'Referer': 'http://localhost:8003/', 'Cookie': 'qor-example=MTQ3MDQ2MTY2OHxEdi1CQkFFQ180SUFBUkFCRUFBQUJQLUNBQUE9fObADeHvkNdCwW9XFUNKZhB0ZRtK-LUncd3UVxF03AiZ; _xsrf=2|6c932d55|0ede9beab9873f6f51152cdd9c5566ae|1470484366; ticket="2|1:0|10:1470484377|6:ticket|44:MDQyY2IzM2Y2ZjhjNGU3ZmI5ZWE5NzAzZDFhZWFiZDk=|a985aa97e1a9fa535bb8029b600bfccf6ff6b141f127aa0fcec2d09206a32cb2"; account_id="2|1:0|10:1471239273|10:account_id|44:ZTE2YjAyMjllYjc4NGJjMWFmMWUwYzNjYTg5ZjYwM2E=|b77275f4104bfd46e1a0fb9de6a5f7c8a0ab2ec4d75cc4a3b30b1fadf9c612af"; gosessionid=ce6e43a01fb2320ff857d80c08922c76; remember_me="2|1:0|10:1471586350|11:remember_me|4:b24=|758175469902e26fa3d223e2dbe67fd926596ce8b97466750916a0fdd5bc359b"; vendor_id="2|1:0|10:1471586350|9:vendor_id|44:ZWNjYjAxZmEyZWVlNGNlMTkyNGVmMTkzMzdiYjhhMjg=|c1315c946d7a3c629aac5f50095cf29b7a2945061d72767d6acca25554782924"; login_name="2|1:0|10:1471598870|10:login_name|16:MTg2MjUyMTk1ODM=|142426dfcb9db0c0399218fddb8e06b8703d5484e67749c00c3c9ffd818037f0"; Hm_lvt_ba76f8230db5f616edc89ce066670710=1471323171; Hm_lpvt_ba76f8230db5f616edc89ce066670710=1471601247', 'Content-Type': 'application/x-www-form-urlencoded; charset=UTF-8'})
    Traceback (most recent call last):
      File "/Library/Python/2.7/site-packages/tornado-4.4.dev1-py2.7-macosx-10.10-intel.egg/tornado/web.py", line 1443, in _execute
        result = method(*self.path_args, **self.path_kwargs)
      File "/Users/thomas/backbone/qrcode/foo/comm.py", line 85, in post
        os.makedirs(_date)
      File "/System/Library/Frameworks/Python.framework/Versions/2.7/lib/python2.7/os.py", line 157, in makedirs
        mkdir(name, mode)
    OSError: [Errno 17] File exists: '2016/08/21/'
[E 160821 02:47:18 web:1946] 500 POST /api/qrcode (::1) 61.67ms
[I 160821 02:47:42 comm:58] HTTPServerRequest(protocol='http', host='localhost:8003', method='POST', uri='/api/qrcode', version='HTTP/1.1', remote_ip='::1', headers={'Origin': 'http://localhost:8003', 'Content-Length': '4', 'Accept-Language': 'zh-CN,zh;q=0.8,en;q=0.6', 'Accept-Encoding': 'gzip, deflate', 'Host': 'localhost:8003', 'Accept': '*/*', 'User-Agent': 'Mozilla/5.0 (Macintosh; Intel Mac OS X 10_10_5) AppleWebKit/537.36 (KHTML, like Gecko) Chrome/51.0.2704.103 Safari/537.36', 'Connection': 'keep-alive', 'X-Requested-With': 'XMLHttpRequest', 'Referer': 'http://localhost:8003/', 'Cookie': 'qor-example=MTQ3MDQ2MTY2OHxEdi1CQkFFQ180SUFBUkFCRUFBQUJQLUNBQUE9fObADeHvkNdCwW9XFUNKZhB0ZRtK-LUncd3UVxF03AiZ; _xsrf=2|6c932d55|0ede9beab9873f6f51152cdd9c5566ae|1470484366; ticket="2|1:0|10:1470484377|6:ticket|44:MDQyY2IzM2Y2ZjhjNGU3ZmI5ZWE5NzAzZDFhZWFiZDk=|a985aa97e1a9fa535bb8029b600bfccf6ff6b141f127aa0fcec2d09206a32cb2"; account_id="2|1:0|10:1471239273|10:account_id|44:ZTE2YjAyMjllYjc4NGJjMWFmMWUwYzNjYTg5ZjYwM2E=|b77275f4104bfd46e1a0fb9de6a5f7c8a0ab2ec4d75cc4a3b30b1fadf9c612af"; gosessionid=ce6e43a01fb2320ff857d80c08922c76; remember_me="2|1:0|10:1471586350|11:remember_me|4:b24=|758175469902e26fa3d223e2dbe67fd926596ce8b97466750916a0fdd5bc359b"; vendor_id="2|1:0|10:1471586350|9:vendor_id|44:ZWNjYjAxZmEyZWVlNGNlMTkyNGVmMTkzMzdiYjhhMjg=|c1315c946d7a3c629aac5f50095cf29b7a2945061d72767d6acca25554782924"; login_name="2|1:0|10:1471598870|10:login_name|16:MTg2MjUyMTk1ODM=|142426dfcb9db0c0399218fddb8e06b8703d5484e67749c00c3c9ffd818037f0"; Hm_lvt_ba76f8230db5f616edc89ce066670710=1471323171; Hm_lpvt_ba76f8230db5f616edc89ce066670710=1471601247', 'Content-Type': 'application/x-www-form-urlencoded; charset=UTF-8'})
[I 160821 02:47:42 comm:61] got _url u''
[E 160821 02:47:42 web:1524] Uncaught exception POST /api/qrcode (::1)
    HTTPServerRequest(protocol='http', host='localhost:8003', method='POST', uri='/api/qrcode', version='HTTP/1.1', remote_ip='::1', headers={'Origin': 'http://localhost:8003', 'Content-Length': '4', 'Accept-Language': 'zh-CN,zh;q=0.8,en;q=0.6', 'Accept-Encoding': 'gzip, deflate', 'Host': 'localhost:8003', 'Accept': '*/*', 'User-Agent': 'Mozilla/5.0 (Macintosh; Intel Mac OS X 10_10_5) AppleWebKit/537.36 (KHTML, like Gecko) Chrome/51.0.2704.103 Safari/537.36', 'Connection': 'keep-alive', 'X-Requested-With': 'XMLHttpRequest', 'Referer': 'http://localhost:8003/', 'Cookie': 'qor-example=MTQ3MDQ2MTY2OHxEdi1CQkFFQ180SUFBUkFCRUFBQUJQLUNBQUE9fObADeHvkNdCwW9XFUNKZhB0ZRtK-LUncd3UVxF03AiZ; _xsrf=2|6c932d55|0ede9beab9873f6f51152cdd9c5566ae|1470484366; ticket="2|1:0|10:1470484377|6:ticket|44:MDQyY2IzM2Y2ZjhjNGU3ZmI5ZWE5NzAzZDFhZWFiZDk=|a985aa97e1a9fa535bb8029b600bfccf6ff6b141f127aa0fcec2d09206a32cb2"; account_id="2|1:0|10:1471239273|10:account_id|44:ZTE2YjAyMjllYjc4NGJjMWFmMWUwYzNjYTg5ZjYwM2E=|b77275f4104bfd46e1a0fb9de6a5f7c8a0ab2ec4d75cc4a3b30b1fadf9c612af"; gosessionid=ce6e43a01fb2320ff857d80c08922c76; remember_me="2|1:0|10:1471586350|11:remember_me|4:b24=|758175469902e26fa3d223e2dbe67fd926596ce8b97466750916a0fdd5bc359b"; vendor_id="2|1:0|10:1471586350|9:vendor_id|44:ZWNjYjAxZmEyZWVlNGNlMTkyNGVmMTkzMzdiYjhhMjg=|c1315c946d7a3c629aac5f50095cf29b7a2945061d72767d6acca25554782924"; login_name="2|1:0|10:1471598870|10:login_name|16:MTg2MjUyMTk1ODM=|142426dfcb9db0c0399218fddb8e06b8703d5484e67749c00c3c9ffd818037f0"; Hm_lvt_ba76f8230db5f616edc89ce066670710=1471323171; Hm_lpvt_ba76f8230db5f616edc89ce066670710=1471601247', 'Content-Type': 'application/x-www-form-urlencoded; charset=UTF-8'})
    Traceback (most recent call last):
      File "/Library/Python/2.7/site-packages/tornado-4.4.dev1-py2.7-macosx-10.10-intel.egg/tornado/web.py", line 1443, in _execute
        result = method(*self.path_args, **self.path_kwargs)
      File "/Users/thomas/backbone/qrcode/foo/comm.py", line 85, in post
        os.makedirs(_date)
      File "/System/Library/Frameworks/Python.framework/Versions/2.7/lib/python2.7/os.py", line 157, in makedirs
        mkdir(name, mode)
    OSError: [Errno 17] File exists: '2016/08/21/'
[E 160821 02:47:42 web:1946] 500 POST /api/qrcode (::1) 48.53ms
[I 160821 02:49:05 autoreload:204] /Users/thomas/backbone/qrcode/foo/comm.py modified; restarting server
[I 160821 02:49:07 comm:58] HTTPServerRequest(protocol='http', host='localhost:8003', method='POST', uri='/api/qrcode', version='HTTP/1.1', remote_ip='::1', headers={'Origin': 'http://localhost:8003', 'Content-Length': '4', 'Accept-Language': 'zh-CN,zh;q=0.8,en;q=0.6', 'Accept-Encoding': 'gzip, deflate', 'Host': 'localhost:8003', 'Accept': '*/*', 'User-Agent': 'Mozilla/5.0 (Macintosh; Intel Mac OS X 10_10_5) AppleWebKit/537.36 (KHTML, like Gecko) Chrome/51.0.2704.103 Safari/537.36', 'Connection': 'keep-alive', 'X-Requested-With': 'XMLHttpRequest', 'Referer': 'http://localhost:8003/', 'Cookie': 'qor-example=MTQ3MDQ2MTY2OHxEdi1CQkFFQ180SUFBUkFCRUFBQUJQLUNBQUE9fObADeHvkNdCwW9XFUNKZhB0ZRtK-LUncd3UVxF03AiZ; _xsrf=2|6c932d55|0ede9beab9873f6f51152cdd9c5566ae|1470484366; ticket="2|1:0|10:1470484377|6:ticket|44:MDQyY2IzM2Y2ZjhjNGU3ZmI5ZWE5NzAzZDFhZWFiZDk=|a985aa97e1a9fa535bb8029b600bfccf6ff6b141f127aa0fcec2d09206a32cb2"; account_id="2|1:0|10:1471239273|10:account_id|44:ZTE2YjAyMjllYjc4NGJjMWFmMWUwYzNjYTg5ZjYwM2E=|b77275f4104bfd46e1a0fb9de6a5f7c8a0ab2ec4d75cc4a3b30b1fadf9c612af"; gosessionid=ce6e43a01fb2320ff857d80c08922c76; remember_me="2|1:0|10:1471586350|11:remember_me|4:b24=|758175469902e26fa3d223e2dbe67fd926596ce8b97466750916a0fdd5bc359b"; vendor_id="2|1:0|10:1471586350|9:vendor_id|44:ZWNjYjAxZmEyZWVlNGNlMTkyNGVmMTkzMzdiYjhhMjg=|c1315c946d7a3c629aac5f50095cf29b7a2945061d72767d6acca25554782924"; login_name="2|1:0|10:1471598870|10:login_name|16:MTg2MjUyMTk1ODM=|142426dfcb9db0c0399218fddb8e06b8703d5484e67749c00c3c9ffd818037f0"; Hm_lvt_ba76f8230db5f616edc89ce066670710=1471323171; Hm_lpvt_ba76f8230db5f616edc89ce066670710=1471601247', 'Content-Type': 'application/x-www-form-urlencoded; charset=UTF-8'})
[I 160821 02:49:07 comm:61] got _url u''
[I 160821 02:49:07 comm:86] got path '/Users/thomas/backbone/qrcode'
[E 160821 02:49:07 web:1524] Uncaught exception POST /api/qrcode (::1)
    HTTPServerRequest(protocol='http', host='localhost:8003', method='POST', uri='/api/qrcode', version='HTTP/1.1', remote_ip='::1', headers={'Origin': 'http://localhost:8003', 'Content-Length': '4', 'Accept-Language': 'zh-CN,zh;q=0.8,en;q=0.6', 'Accept-Encoding': 'gzip, deflate', 'Host': 'localhost:8003', 'Accept': '*/*', 'User-Agent': 'Mozilla/5.0 (Macintosh; Intel Mac OS X 10_10_5) AppleWebKit/537.36 (KHTML, like Gecko) Chrome/51.0.2704.103 Safari/537.36', 'Connection': 'keep-alive', 'X-Requested-With': 'XMLHttpRequest', 'Referer': 'http://localhost:8003/', 'Cookie': 'qor-example=MTQ3MDQ2MTY2OHxEdi1CQkFFQ180SUFBUkFCRUFBQUJQLUNBQUE9fObADeHvkNdCwW9XFUNKZhB0ZRtK-LUncd3UVxF03AiZ; _xsrf=2|6c932d55|0ede9beab9873f6f51152cdd9c5566ae|1470484366; ticket="2|1:0|10:1470484377|6:ticket|44:MDQyY2IzM2Y2ZjhjNGU3ZmI5ZWE5NzAzZDFhZWFiZDk=|a985aa97e1a9fa535bb8029b600bfccf6ff6b141f127aa0fcec2d09206a32cb2"; account_id="2|1:0|10:1471239273|10:account_id|44:ZTE2YjAyMjllYjc4NGJjMWFmMWUwYzNjYTg5ZjYwM2E=|b77275f4104bfd46e1a0fb9de6a5f7c8a0ab2ec4d75cc4a3b30b1fadf9c612af"; gosessionid=ce6e43a01fb2320ff857d80c08922c76; remember_me="2|1:0|10:1471586350|11:remember_me|4:b24=|758175469902e26fa3d223e2dbe67fd926596ce8b97466750916a0fdd5bc359b"; vendor_id="2|1:0|10:1471586350|9:vendor_id|44:ZWNjYjAxZmEyZWVlNGNlMTkyNGVmMTkzMzdiYjhhMjg=|c1315c946d7a3c629aac5f50095cf29b7a2945061d72767d6acca25554782924"; login_name="2|1:0|10:1471598870|10:login_name|16:MTg2MjUyMTk1ODM=|142426dfcb9db0c0399218fddb8e06b8703d5484e67749c00c3c9ffd818037f0"; Hm_lvt_ba76f8230db5f616edc89ce066670710=1471323171; Hm_lpvt_ba76f8230db5f616edc89ce066670710=1471601247', 'Content-Type': 'application/x-www-form-urlencoded; charset=UTF-8'})
    Traceback (most recent call last):
      File "/Library/Python/2.7/site-packages/tornado-4.4.dev1-py2.7-macosx-10.10-intel.egg/tornado/web.py", line 1443, in _execute
        result = method(*self.path_args, **self.path_kwargs)
      File "/Users/thomas/backbone/qrcode/foo/comm.py", line 87, in post
        os.makedirs(_date)
      File "/System/Library/Frameworks/Python.framework/Versions/2.7/lib/python2.7/os.py", line 157, in makedirs
        mkdir(name, mode)
    OSError: [Errno 17] File exists: '2016/08/21/'
[E 160821 02:49:07 web:1946] 500 POST /api/qrcode (::1) 53.42ms
[I 160821 02:50:00 autoreload:204] /Users/thomas/backbone/qrcode/foo/comm.py modified; restarting server
[I 160821 02:50:17 autoreload:204] /Users/thomas/backbone/qrcode/foo/comm.py modified; restarting server
[I 160821 02:50:43 comm:58] HTTPServerRequest(protocol='http', host='localhost:8003', method='POST', uri='/api/qrcode', version='HTTP/1.1', remote_ip='::1', headers={'Origin': 'http://localhost:8003', 'Content-Length': '4', 'Accept-Language': 'zh-CN,zh;q=0.8,en;q=0.6', 'Accept-Encoding': 'gzip, deflate', 'Host': 'localhost:8003', 'Accept': '*/*', 'User-Agent': 'Mozilla/5.0 (Macintosh; Intel Mac OS X 10_10_5) AppleWebKit/537.36 (KHTML, like Gecko) Chrome/51.0.2704.103 Safari/537.36', 'Connection': 'keep-alive', 'X-Requested-With': 'XMLHttpRequest', 'Referer': 'http://localhost:8003/', 'Cookie': 'qor-example=MTQ3MDQ2MTY2OHxEdi1CQkFFQ180SUFBUkFCRUFBQUJQLUNBQUE9fObADeHvkNdCwW9XFUNKZhB0ZRtK-LUncd3UVxF03AiZ; _xsrf=2|6c932d55|0ede9beab9873f6f51152cdd9c5566ae|1470484366; ticket="2|1:0|10:1470484377|6:ticket|44:MDQyY2IzM2Y2ZjhjNGU3ZmI5ZWE5NzAzZDFhZWFiZDk=|a985aa97e1a9fa535bb8029b600bfccf6ff6b141f127aa0fcec2d09206a32cb2"; account_id="2|1:0|10:1471239273|10:account_id|44:ZTE2YjAyMjllYjc4NGJjMWFmMWUwYzNjYTg5ZjYwM2E=|b77275f4104bfd46e1a0fb9de6a5f7c8a0ab2ec4d75cc4a3b30b1fadf9c612af"; gosessionid=ce6e43a01fb2320ff857d80c08922c76; remember_me="2|1:0|10:1471586350|11:remember_me|4:b24=|758175469902e26fa3d223e2dbe67fd926596ce8b97466750916a0fdd5bc359b"; vendor_id="2|1:0|10:1471586350|9:vendor_id|44:ZWNjYjAxZmEyZWVlNGNlMTkyNGVmMTkzMzdiYjhhMjg=|c1315c946d7a3c629aac5f50095cf29b7a2945061d72767d6acca25554782924"; login_name="2|1:0|10:1471598870|10:login_name|16:MTg2MjUyMTk1ODM=|142426dfcb9db0c0399218fddb8e06b8703d5484e67749c00c3c9ffd818037f0"; Hm_lvt_ba76f8230db5f616edc89ce066670710=1471323171; Hm_lpvt_ba76f8230db5f616edc89ce066670710=1471601247', 'Content-Type': 'application/x-www-form-urlencoded; charset=UTF-8'})
[I 160821 02:50:43 comm:61] got _url u''
[I 160821 02:50:43 comm:86] got path '/Users/thomas/backbone/qrcode'
[E 160821 02:50:43 web:1524] Uncaught exception POST /api/qrcode (::1)
    HTTPServerRequest(protocol='http', host='localhost:8003', method='POST', uri='/api/qrcode', version='HTTP/1.1', remote_ip='::1', headers={'Origin': 'http://localhost:8003', 'Content-Length': '4', 'Accept-Language': 'zh-CN,zh;q=0.8,en;q=0.6', 'Accept-Encoding': 'gzip, deflate', 'Host': 'localhost:8003', 'Accept': '*/*', 'User-Agent': 'Mozilla/5.0 (Macintosh; Intel Mac OS X 10_10_5) AppleWebKit/537.36 (KHTML, like Gecko) Chrome/51.0.2704.103 Safari/537.36', 'Connection': 'keep-alive', 'X-Requested-With': 'XMLHttpRequest', 'Referer': 'http://localhost:8003/', 'Cookie': 'qor-example=MTQ3MDQ2MTY2OHxEdi1CQkFFQ180SUFBUkFCRUFBQUJQLUNBQUE9fObADeHvkNdCwW9XFUNKZhB0ZRtK-LUncd3UVxF03AiZ; _xsrf=2|6c932d55|0ede9beab9873f6f51152cdd9c5566ae|1470484366; ticket="2|1:0|10:1470484377|6:ticket|44:MDQyY2IzM2Y2ZjhjNGU3ZmI5ZWE5NzAzZDFhZWFiZDk=|a985aa97e1a9fa535bb8029b600bfccf6ff6b141f127aa0fcec2d09206a32cb2"; account_id="2|1:0|10:1471239273|10:account_id|44:ZTE2YjAyMjllYjc4NGJjMWFmMWUwYzNjYTg5ZjYwM2E=|b77275f4104bfd46e1a0fb9de6a5f7c8a0ab2ec4d75cc4a3b30b1fadf9c612af"; gosessionid=ce6e43a01fb2320ff857d80c08922c76; remember_me="2|1:0|10:1471586350|11:remember_me|4:b24=|758175469902e26fa3d223e2dbe67fd926596ce8b97466750916a0fdd5bc359b"; vendor_id="2|1:0|10:1471586350|9:vendor_id|44:ZWNjYjAxZmEyZWVlNGNlMTkyNGVmMTkzMzdiYjhhMjg=|c1315c946d7a3c629aac5f50095cf29b7a2945061d72767d6acca25554782924"; login_name="2|1:0|10:1471598870|10:login_name|16:MTg2MjUyMTk1ODM=|142426dfcb9db0c0399218fddb8e06b8703d5484e67749c00c3c9ffd818037f0"; Hm_lvt_ba76f8230db5f616edc89ce066670710=1471323171; Hm_lpvt_ba76f8230db5f616edc89ce066670710=1471601247', 'Content-Type': 'application/x-www-form-urlencoded; charset=UTF-8'})
    Traceback (most recent call last):
      File "/Library/Python/2.7/site-packages/tornado-4.4.dev1-py2.7-macosx-10.10-intel.egg/tornado/web.py", line 1443, in _execute
        result = method(*self.path_args, **self.path_kwargs)
      File "/Users/thomas/backbone/qrcode/foo/comm.py", line 87, in post
        os.makedirs(path + _date)
      File "/System/Library/Frameworks/Python.framework/Versions/2.7/lib/python2.7/os.py", line 157, in makedirs
        mkdir(name, mode)
    OSError: [Errno 17] File exists: '/Users/thomas/backbone/qrcode/2016/08/21/'
[E 160821 02:50:43 web:1946] 500 POST /api/qrcode (::1) 57.49ms
[I 160821 02:50:51 comm:52] HTTPServerRequest(protocol='http', host='localhost:8003', method='GET', uri='/', version='HTTP/1.1', remote_ip='::1', headers={'Accept-Language': 'zh-CN,zh;q=0.8,en;q=0.6', 'Accept-Encoding': 'gzip, deflate, sdch', 'Host': 'localhost:8003', 'Accept': 'text/html,application/xhtml+xml,application/xml;q=0.9,image/webp,*/*;q=0.8', 'User-Agent': 'Mozilla/5.0 (Macintosh; Intel Mac OS X 10_10_5) AppleWebKit/537.36 (KHTML, like Gecko) Chrome/51.0.2704.103 Safari/537.36', 'Connection': 'keep-alive', 'Cookie': 'qor-example=MTQ3MDQ2MTY2OHxEdi1CQkFFQ180SUFBUkFCRUFBQUJQLUNBQUE9fObADeHvkNdCwW9XFUNKZhB0ZRtK-LUncd3UVxF03AiZ; _xsrf=2|6c932d55|0ede9beab9873f6f51152cdd9c5566ae|1470484366; ticket="2|1:0|10:1470484377|6:ticket|44:MDQyY2IzM2Y2ZjhjNGU3ZmI5ZWE5NzAzZDFhZWFiZDk=|a985aa97e1a9fa535bb8029b600bfccf6ff6b141f127aa0fcec2d09206a32cb2"; account_id="2|1:0|10:1471239273|10:account_id|44:ZTE2YjAyMjllYjc4NGJjMWFmMWUwYzNjYTg5ZjYwM2E=|b77275f4104bfd46e1a0fb9de6a5f7c8a0ab2ec4d75cc4a3b30b1fadf9c612af"; gosessionid=ce6e43a01fb2320ff857d80c08922c76; remember_me="2|1:0|10:1471586350|11:remember_me|4:b24=|758175469902e26fa3d223e2dbe67fd926596ce8b97466750916a0fdd5bc359b"; vendor_id="2|1:0|10:1471586350|9:vendor_id|44:ZWNjYjAxZmEyZWVlNGNlMTkyNGVmMTkzMzdiYjhhMjg=|c1315c946d7a3c629aac5f50095cf29b7a2945061d72767d6acca25554782924"; login_name="2|1:0|10:1471598870|10:login_name|16:MTg2MjUyMTk1ODM=|142426dfcb9db0c0399218fddb8e06b8703d5484e67749c00c3c9ffd818037f0"; Hm_lvt_ba76f8230db5f616edc89ce066670710=1471323171; Hm_lpvt_ba76f8230db5f616edc89ce066670710=1471601247', 'Cache-Control': 'max-age=0', 'If-None-Match': '"6de9963deabfd028b5c0768938e61ced22ae2e4e"', 'Upgrade-Insecure-Requests': '1'})
[I 160821 02:50:51 web:1946] 304 GET / (::1) 4.88ms
[I 160821 02:50:51 web:1946] 304 GET /static/css/main.css (::1) 5.00ms
[I 160821 02:50:51 web:1946] 304 GET /static/images/pic04.jpg (::1) 0.57ms
[I 160821 02:50:51 web:1946] 304 GET /static/js/jquery.min.js (::1) 1.01ms
[I 160821 02:50:51 web:1946] 304 GET /static/js/jquery.scrollex.min.js (::1) 0.55ms
[I 160821 02:50:51 web:1946] 304 GET /static/js/jquery.scrolly.min.js (::1) 0.52ms
[I 160821 02:50:51 web:1946] 304 GET /static/js/skel.min.js (::1) 0.51ms
[I 160821 02:50:51 web:1946] 304 GET /static/js/util.js (::1) 0.52ms
[I 160821 02:50:51 web:1946] 304 GET /static/js/main.js (::1) 0.43ms
[I 160821 02:50:51 web:1946] 304 GET /static/css/font-awesome.min.css (::1) 0.52ms
[I 160821 02:50:51 web:1946] 304 GET /static/css/images/overlay.png (::1) 0.64ms
[I 160821 02:50:51 web:1946] 304 GET /static/fonts/fontawesome-webfont.woff2?v=4.4.0 (::1) 0.71ms
[I 160821 02:50:51 web:1946] 304 GET /images/bg.jpg (::1) 0.90ms
[I 160821 02:50:51 web:1946] 304 GET /static/css/images/arrow.svg (::1) 0.60ms
[I 160821 02:50:59 comm:58] HTTPServerRequest(protocol='http', host='localhost:8003', method='POST', uri='/api/qrcode', version='HTTP/1.1', remote_ip='::1', headers={'Origin': 'http://localhost:8003', 'Content-Length': '4', 'Accept-Language': 'zh-CN,zh;q=0.8,en;q=0.6', 'Accept-Encoding': 'gzip, deflate', 'Host': 'localhost:8003', 'Accept': '*/*', 'User-Agent': 'Mozilla/5.0 (Macintosh; Intel Mac OS X 10_10_5) AppleWebKit/537.36 (KHTML, like Gecko) Chrome/51.0.2704.103 Safari/537.36', 'Connection': 'keep-alive', 'X-Requested-With': 'XMLHttpRequest', 'Referer': 'http://localhost:8003/', 'Cookie': 'qor-example=MTQ3MDQ2MTY2OHxEdi1CQkFFQ180SUFBUkFCRUFBQUJQLUNBQUE9fObADeHvkNdCwW9XFUNKZhB0ZRtK-LUncd3UVxF03AiZ; _xsrf=2|6c932d55|0ede9beab9873f6f51152cdd9c5566ae|1470484366; ticket="2|1:0|10:1470484377|6:ticket|44:MDQyY2IzM2Y2ZjhjNGU3ZmI5ZWE5NzAzZDFhZWFiZDk=|a985aa97e1a9fa535bb8029b600bfccf6ff6b141f127aa0fcec2d09206a32cb2"; account_id="2|1:0|10:1471239273|10:account_id|44:ZTE2YjAyMjllYjc4NGJjMWFmMWUwYzNjYTg5ZjYwM2E=|b77275f4104bfd46e1a0fb9de6a5f7c8a0ab2ec4d75cc4a3b30b1fadf9c612af"; gosessionid=ce6e43a01fb2320ff857d80c08922c76; remember_me="2|1:0|10:1471586350|11:remember_me|4:b24=|758175469902e26fa3d223e2dbe67fd926596ce8b97466750916a0fdd5bc359b"; vendor_id="2|1:0|10:1471586350|9:vendor_id|44:ZWNjYjAxZmEyZWVlNGNlMTkyNGVmMTkzMzdiYjhhMjg=|c1315c946d7a3c629aac5f50095cf29b7a2945061d72767d6acca25554782924"; login_name="2|1:0|10:1471598870|10:login_name|16:MTg2MjUyMTk1ODM=|142426dfcb9db0c0399218fddb8e06b8703d5484e67749c00c3c9ffd818037f0"; Hm_lvt_ba76f8230db5f616edc89ce066670710=1471323171; Hm_lpvt_ba76f8230db5f616edc89ce066670710=1471601247', 'Content-Type': 'application/x-www-form-urlencoded; charset=UTF-8'})
[I 160821 02:50:59 comm:61] got _url u''
[I 160821 02:50:59 comm:86] got path '/Users/thomas/backbone/qrcode'
[E 160821 02:50:59 web:1524] Uncaught exception POST /api/qrcode (::1)
    HTTPServerRequest(protocol='http', host='localhost:8003', method='POST', uri='/api/qrcode', version='HTTP/1.1', remote_ip='::1', headers={'Origin': 'http://localhost:8003', 'Content-Length': '4', 'Accept-Language': 'zh-CN,zh;q=0.8,en;q=0.6', 'Accept-Encoding': 'gzip, deflate', 'Host': 'localhost:8003', 'Accept': '*/*', 'User-Agent': 'Mozilla/5.0 (Macintosh; Intel Mac OS X 10_10_5) AppleWebKit/537.36 (KHTML, like Gecko) Chrome/51.0.2704.103 Safari/537.36', 'Connection': 'keep-alive', 'X-Requested-With': 'XMLHttpRequest', 'Referer': 'http://localhost:8003/', 'Cookie': 'qor-example=MTQ3MDQ2MTY2OHxEdi1CQkFFQ180SUFBUkFCRUFBQUJQLUNBQUE9fObADeHvkNdCwW9XFUNKZhB0ZRtK-LUncd3UVxF03AiZ; _xsrf=2|6c932d55|0ede9beab9873f6f51152cdd9c5566ae|1470484366; ticket="2|1:0|10:1470484377|6:ticket|44:MDQyY2IzM2Y2ZjhjNGU3ZmI5ZWE5NzAzZDFhZWFiZDk=|a985aa97e1a9fa535bb8029b600bfccf6ff6b141f127aa0fcec2d09206a32cb2"; account_id="2|1:0|10:1471239273|10:account_id|44:ZTE2YjAyMjllYjc4NGJjMWFmMWUwYzNjYTg5ZjYwM2E=|b77275f4104bfd46e1a0fb9de6a5f7c8a0ab2ec4d75cc4a3b30b1fadf9c612af"; gosessionid=ce6e43a01fb2320ff857d80c08922c76; remember_me="2|1:0|10:1471586350|11:remember_me|4:b24=|758175469902e26fa3d223e2dbe67fd926596ce8b97466750916a0fdd5bc359b"; vendor_id="2|1:0|10:1471586350|9:vendor_id|44:ZWNjYjAxZmEyZWVlNGNlMTkyNGVmMTkzMzdiYjhhMjg=|c1315c946d7a3c629aac5f50095cf29b7a2945061d72767d6acca25554782924"; login_name="2|1:0|10:1471598870|10:login_name|16:MTg2MjUyMTk1ODM=|142426dfcb9db0c0399218fddb8e06b8703d5484e67749c00c3c9ffd818037f0"; Hm_lvt_ba76f8230db5f616edc89ce066670710=1471323171; Hm_lpvt_ba76f8230db5f616edc89ce066670710=1471601247', 'Content-Type': 'application/x-www-form-urlencoded; charset=UTF-8'})
    Traceback (most recent call last):
      File "/Library/Python/2.7/site-packages/tornado-4.4.dev1-py2.7-macosx-10.10-intel.egg/tornado/web.py", line 1443, in _execute
        result = method(*self.path_args, **self.path_kwargs)
      File "/Users/thomas/backbone/qrcode/foo/comm.py", line 87, in post
        os.makedirs(path + _date)
      File "/System/Library/Frameworks/Python.framework/Versions/2.7/lib/python2.7/os.py", line 157, in makedirs
        mkdir(name, mode)
    OSError: [Errno 17] File exists: '/Users/thomas/backbone/qrcode/2016/08/21/'
[E 160821 02:50:59 web:1946] 500 POST /api/qrcode (::1) 56.03ms
[I 160821 02:52:39 autoreload:204] /Users/thomas/backbone/qrcode/foo/comm.py modified; restarting server
[I 160821 02:53:18 autoreload:204] /Users/thomas/backbone/qrcode/foo/comm.py modified; restarting server
[I 160821 02:54:45 autoreload:204] /Users/thomas/backbone/qrcode/foo/comm.py modified; restarting server
[I 160821 02:54:55 autoreload:204] /Users/thomas/backbone/qrcode/foo/comm.py modified; restarting server
[I 160821 02:55:07 autoreload:204] /Users/thomas/backbone/qrcode/foo/comm.py modified; restarting server
[I 160821 02:55:24 autoreload:204] /Users/thomas/backbone/qrcode/foo/comm.py modified; restarting server
[I 160821 02:55:33 autoreload:204] /Users/thomas/backbone/qrcode/foo/comm.py modified; restarting server
[I 160821 02:56:16 autoreload:204] /Users/thomas/backbone/qrcode/foo/comm.py modified; restarting server
[I 160821 02:56:27 autoreload:204] /Users/thomas/backbone/qrcode/foo/comm.py modified; restarting server
[I 160821 02:56:54 autoreload:204] /Users/thomas/backbone/qrcode/foo/comm.py modified; restarting server
[I 160821 02:57:02 autoreload:204] /Users/thomas/backbone/qrcode/foo/comm.py modified; restarting server
[I 160821 02:57:10 comm:58] HTTPServerRequest(protocol='http', host='localhost:8003', method='POST', uri='/api/qrcode', version='HTTP/1.1', remote_ip='::1', headers={'Origin': 'http://localhost:8003', 'Content-Length': '4', 'Accept-Language': 'zh-CN,zh;q=0.8,en;q=0.6', 'Accept-Encoding': 'gzip, deflate', 'Host': 'localhost:8003', 'Accept': '*/*', 'User-Agent': 'Mozilla/5.0 (Macintosh; Intel Mac OS X 10_10_5) AppleWebKit/537.36 (KHTML, like Gecko) Chrome/51.0.2704.103 Safari/537.36', 'Connection': 'keep-alive', 'X-Requested-With': 'XMLHttpRequest', 'Referer': 'http://localhost:8003/', 'Cookie': 'qor-example=MTQ3MDQ2MTY2OHxEdi1CQkFFQ180SUFBUkFCRUFBQUJQLUNBQUE9fObADeHvkNdCwW9XFUNKZhB0ZRtK-LUncd3UVxF03AiZ; _xsrf=2|6c932d55|0ede9beab9873f6f51152cdd9c5566ae|1470484366; ticket="2|1:0|10:1470484377|6:ticket|44:MDQyY2IzM2Y2ZjhjNGU3ZmI5ZWE5NzAzZDFhZWFiZDk=|a985aa97e1a9fa535bb8029b600bfccf6ff6b141f127aa0fcec2d09206a32cb2"; account_id="2|1:0|10:1471239273|10:account_id|44:ZTE2YjAyMjllYjc4NGJjMWFmMWUwYzNjYTg5ZjYwM2E=|b77275f4104bfd46e1a0fb9de6a5f7c8a0ab2ec4d75cc4a3b30b1fadf9c612af"; gosessionid=ce6e43a01fb2320ff857d80c08922c76; remember_me="2|1:0|10:1471586350|11:remember_me|4:b24=|758175469902e26fa3d223e2dbe67fd926596ce8b97466750916a0fdd5bc359b"; vendor_id="2|1:0|10:1471586350|9:vendor_id|44:ZWNjYjAxZmEyZWVlNGNlMTkyNGVmMTkzMzdiYjhhMjg=|c1315c946d7a3c629aac5f50095cf29b7a2945061d72767d6acca25554782924"; login_name="2|1:0|10:1471598870|10:login_name|16:MTg2MjUyMTk1ODM=|142426dfcb9db0c0399218fddb8e06b8703d5484e67749c00c3c9ffd818037f0"; Hm_lvt_ba76f8230db5f616edc89ce066670710=1471323171; Hm_lpvt_ba76f8230db5f616edc89ce066670710=1471601247', 'Content-Type': 'application/x-www-form-urlencoded; charset=UTF-8'})
[I 160821 02:57:10 comm:61] got _url u''
[I 160821 02:57:10 comm:86] got path '/Users/thomas/backbone/qrcode'
[I 160821 02:57:10 web:1946] 200 POST /api/qrcode (::1) 66.18ms
[I 160821 02:57:10 web:1946] 200 GET /static/qrcode/2016/08/21/e604d5fd670711e6ac2ca45e60efbf2d.png (::1) 5.13ms
[I 160821 02:57:59 autoreload:204] /Users/thomas/backbone/qrcode/foo/comm.py modified; restarting server
[I 160821 02:58:03 comm:52] HTTPServerRequest(protocol='http', host='localhost:8003', method='GET', uri='/', version='HTTP/1.1', remote_ip='::1', headers={'Accept-Language': 'zh-CN,zh;q=0.8,en;q=0.6', 'Accept-Encoding': 'gzip, deflate, sdch', 'Host': 'localhost:8003', 'Accept': 'text/html,application/xhtml+xml,application/xml;q=0.9,image/webp,*/*;q=0.8', 'User-Agent': 'Mozilla/5.0 (Macintosh; Intel Mac OS X 10_10_5) AppleWebKit/537.36 (KHTML, like Gecko) Chrome/51.0.2704.103 Safari/537.36', 'Connection': 'keep-alive', 'Cookie': 'qor-example=MTQ3MDQ2MTY2OHxEdi1CQkFFQ180SUFBUkFCRUFBQUJQLUNBQUE9fObADeHvkNdCwW9XFUNKZhB0ZRtK-LUncd3UVxF03AiZ; _xsrf=2|6c932d55|0ede9beab9873f6f51152cdd9c5566ae|1470484366; ticket="2|1:0|10:1470484377|6:ticket|44:MDQyY2IzM2Y2ZjhjNGU3ZmI5ZWE5NzAzZDFhZWFiZDk=|a985aa97e1a9fa535bb8029b600bfccf6ff6b141f127aa0fcec2d09206a32cb2"; account_id="2|1:0|10:1471239273|10:account_id|44:ZTE2YjAyMjllYjc4NGJjMWFmMWUwYzNjYTg5ZjYwM2E=|b77275f4104bfd46e1a0fb9de6a5f7c8a0ab2ec4d75cc4a3b30b1fadf9c612af"; gosessionid=ce6e43a01fb2320ff857d80c08922c76; remember_me="2|1:0|10:1471586350|11:remember_me|4:b24=|758175469902e26fa3d223e2dbe67fd926596ce8b97466750916a0fdd5bc359b"; vendor_id="2|1:0|10:1471586350|9:vendor_id|44:ZWNjYjAxZmEyZWVlNGNlMTkyNGVmMTkzMzdiYjhhMjg=|c1315c946d7a3c629aac5f50095cf29b7a2945061d72767d6acca25554782924"; login_name="2|1:0|10:1471598870|10:login_name|16:MTg2MjUyMTk1ODM=|142426dfcb9db0c0399218fddb8e06b8703d5484e67749c00c3c9ffd818037f0"; Hm_lvt_ba76f8230db5f616edc89ce066670710=1471323171; Hm_lpvt_ba76f8230db5f616edc89ce066670710=1471601247', 'Cache-Control': 'max-age=0', 'If-None-Match': '"6de9963deabfd028b5c0768938e61ced22ae2e4e"', 'Upgrade-Insecure-Requests': '1'})
[I 160821 02:58:03 web:1946] 304 GET / (::1) 4.00ms
[I 160821 02:58:03 web:1946] 304 GET /static/css/main.css (::1) 5.06ms
[I 160821 02:58:03 web:1946] 304 GET /static/images/pic04.jpg (::1) 0.50ms
[I 160821 02:58:03 web:1946] 304 GET /static/js/jquery.min.js (::1) 1.00ms
[I 160821 02:58:03 web:1946] 304 GET /static/js/jquery.scrollex.min.js (::1) 0.69ms
[I 160821 02:58:03 web:1946] 304 GET /static/js/jquery.scrolly.min.js (::1) 0.47ms
[I 160821 02:58:03 web:1946] 304 GET /static/js/skel.min.js (::1) 0.49ms
[I 160821 02:58:03 web:1946] 304 GET /static/js/util.js (::1) 0.53ms
[I 160821 02:58:03 web:1946] 304 GET /static/js/main.js (::1) 0.44ms
[I 160821 02:58:03 web:1946] 304 GET /static/css/font-awesome.min.css (::1) 0.54ms
[I 160821 02:58:03 web:1946] 304 GET /static/css/images/overlay.png (::1) 0.61ms
[I 160821 02:58:03 web:1946] 304 GET /static/css/images/arrow.svg (::1) 0.51ms
[I 160821 02:58:03 web:1946] 304 GET /static/fonts/fontawesome-webfont.woff2?v=4.4.0 (::1) 0.72ms
[I 160821 02:58:03 web:1946] 304 GET /images/bg.jpg (::1) 0.95ms
[I 160821 02:58:05 comm:58] HTTPServerRequest(protocol='http', host='localhost:8003', method='POST', uri='/api/qrcode', version='HTTP/1.1', remote_ip='::1', headers={'Origin': 'http://localhost:8003', 'Content-Length': '4', 'Accept-Language': 'zh-CN,zh;q=0.8,en;q=0.6', 'Accept-Encoding': 'gzip, deflate', 'Host': 'localhost:8003', 'Accept': '*/*', 'User-Agent': 'Mozilla/5.0 (Macintosh; Intel Mac OS X 10_10_5) AppleWebKit/537.36 (KHTML, like Gecko) Chrome/51.0.2704.103 Safari/537.36', 'Connection': 'keep-alive', 'X-Requested-With': 'XMLHttpRequest', 'Referer': 'http://localhost:8003/', 'Cookie': 'qor-example=MTQ3MDQ2MTY2OHxEdi1CQkFFQ180SUFBUkFCRUFBQUJQLUNBQUE9fObADeHvkNdCwW9XFUNKZhB0ZRtK-LUncd3UVxF03AiZ; _xsrf=2|6c932d55|0ede9beab9873f6f51152cdd9c5566ae|1470484366; ticket="2|1:0|10:1470484377|6:ticket|44:MDQyY2IzM2Y2ZjhjNGU3ZmI5ZWE5NzAzZDFhZWFiZDk=|a985aa97e1a9fa535bb8029b600bfccf6ff6b141f127aa0fcec2d09206a32cb2"; account_id="2|1:0|10:1471239273|10:account_id|44:ZTE2YjAyMjllYjc4NGJjMWFmMWUwYzNjYTg5ZjYwM2E=|b77275f4104bfd46e1a0fb9de6a5f7c8a0ab2ec4d75cc4a3b30b1fadf9c612af"; gosessionid=ce6e43a01fb2320ff857d80c08922c76; remember_me="2|1:0|10:1471586350|11:remember_me|4:b24=|758175469902e26fa3d223e2dbe67fd926596ce8b97466750916a0fdd5bc359b"; vendor_id="2|1:0|10:1471586350|9:vendor_id|44:ZWNjYjAxZmEyZWVlNGNlMTkyNGVmMTkzMzdiYjhhMjg=|c1315c946d7a3c629aac5f50095cf29b7a2945061d72767d6acca25554782924"; login_name="2|1:0|10:1471598870|10:login_name|16:MTg2MjUyMTk1ODM=|142426dfcb9db0c0399218fddb8e06b8703d5484e67749c00c3c9ffd818037f0"; Hm_lvt_ba76f8230db5f616edc89ce066670710=1471323171; Hm_lpvt_ba76f8230db5f616edc89ce066670710=1471601247', 'Content-Type': 'application/x-www-form-urlencoded; charset=UTF-8'})
[I 160821 02:58:05 comm:61] got _url u''
[I 160821 02:58:05 comm:86] got path '/Users/thomas/backbone/qrcode'
[I 160821 02:58:05 web:1946] 200 POST /api/qrcode (::1) 75.43ms
[I 160821 02:58:05 web:1946] 200 GET /static/qrcode/2016/08/21/02/06f91b73670811e6a881a45e60efbf2d.png (::1) 0.76ms
[I 160821 02:58:50 autoreload:204] /Users/thomas/backbone/qrcode/foo/comm.py modified; restarting server
[I 160821 03:01:43 autoreload:204] /Users/thomas/backbone/qrcode/foo/comm.py modified; restarting server
[I 160821 03:02:04 autoreload:204] /Users/thomas/backbone/qrcode/foo/comm.py modified; restarting server
[I 160821 03:02:08 comm:52] HTTPServerRequest(protocol='http', host='localhost:8003', method='GET', uri='/', version='HTTP/1.1', remote_ip='::1', headers={'Accept-Language': 'zh-CN,zh;q=0.8,en;q=0.6', 'Accept-Encoding': 'gzip, deflate, sdch', 'Host': 'localhost:8003', 'Accept': 'text/html,application/xhtml+xml,application/xml;q=0.9,image/webp,*/*;q=0.8', 'User-Agent': 'Mozilla/5.0 (Macintosh; Intel Mac OS X 10_10_5) AppleWebKit/537.36 (KHTML, like Gecko) Chrome/51.0.2704.103 Safari/537.36', 'Connection': 'keep-alive', 'Cookie': 'qor-example=MTQ3MDQ2MTY2OHxEdi1CQkFFQ180SUFBUkFCRUFBQUJQLUNBQUE9fObADeHvkNdCwW9XFUNKZhB0ZRtK-LUncd3UVxF03AiZ; _xsrf=2|6c932d55|0ede9beab9873f6f51152cdd9c5566ae|1470484366; ticket="2|1:0|10:1470484377|6:ticket|44:MDQyY2IzM2Y2ZjhjNGU3ZmI5ZWE5NzAzZDFhZWFiZDk=|a985aa97e1a9fa535bb8029b600bfccf6ff6b141f127aa0fcec2d09206a32cb2"; account_id="2|1:0|10:1471239273|10:account_id|44:ZTE2YjAyMjllYjc4NGJjMWFmMWUwYzNjYTg5ZjYwM2E=|b77275f4104bfd46e1a0fb9de6a5f7c8a0ab2ec4d75cc4a3b30b1fadf9c612af"; gosessionid=ce6e43a01fb2320ff857d80c08922c76; remember_me="2|1:0|10:1471586350|11:remember_me|4:b24=|758175469902e26fa3d223e2dbe67fd926596ce8b97466750916a0fdd5bc359b"; vendor_id="2|1:0|10:1471586350|9:vendor_id|44:ZWNjYjAxZmEyZWVlNGNlMTkyNGVmMTkzMzdiYjhhMjg=|c1315c946d7a3c629aac5f50095cf29b7a2945061d72767d6acca25554782924"; login_name="2|1:0|10:1471598870|10:login_name|16:MTg2MjUyMTk1ODM=|142426dfcb9db0c0399218fddb8e06b8703d5484e67749c00c3c9ffd818037f0"; Hm_lvt_ba76f8230db5f616edc89ce066670710=1471323171; Hm_lpvt_ba76f8230db5f616edc89ce066670710=1471601247', 'Cache-Control': 'max-age=0', 'If-None-Match': '"6de9963deabfd028b5c0768938e61ced22ae2e4e"', 'Upgrade-Insecure-Requests': '1'})
[I 160821 03:02:08 web:1946] 304 GET / (::1) 3.61ms
[I 160821 03:02:08 web:1946] 304 GET /static/css/main.css (::1) 4.66ms
[I 160821 03:02:08 web:1946] 304 GET /static/js/jquery.min.js (::1) 0.96ms
[I 160821 03:02:08 web:1946] 304 GET /static/js/jquery.scrollex.min.js (::1) 0.72ms
[I 160821 03:02:08 web:1946] 304 GET /static/js/jquery.scrolly.min.js (::1) 0.63ms
[I 160821 03:02:08 web:1946] 304 GET /static/js/skel.min.js (::1) 0.55ms
[I 160821 03:02:08 web:1946] 304 GET /static/images/pic04.jpg (::1) 0.55ms
[I 160821 03:02:08 web:1946] 304 GET /static/js/util.js (::1) 0.47ms
[I 160821 03:02:08 web:1946] 304 GET /static/js/main.js (::1) 0.44ms
[I 160821 03:02:08 web:1946] 304 GET /static/css/font-awesome.min.css (::1) 0.49ms
[I 160821 03:02:08 web:1946] 304 GET /static/css/images/overlay.png (::1) 0.61ms
[I 160821 03:02:08 web:1946] 304 GET /static/fonts/fontawesome-webfont.woff2?v=4.4.0 (::1) 0.68ms
[I 160821 03:02:08 web:1946] 304 GET /images/bg.jpg (::1) 0.92ms
[I 160821 03:02:08 web:1946] 304 GET /static/css/images/arrow.svg (::1) 0.61ms
[I 160821 03:02:10 comm:58] HTTPServerRequest(protocol='http', host='localhost:8003', method='POST', uri='/api/qrcode', version='HTTP/1.1', remote_ip='::1', headers={'Origin': 'http://localhost:8003', 'Content-Length': '4', 'Accept-Language': 'zh-CN,zh;q=0.8,en;q=0.6', 'Accept-Encoding': 'gzip, deflate', 'Host': 'localhost:8003', 'Accept': '*/*', 'User-Agent': 'Mozilla/5.0 (Macintosh; Intel Mac OS X 10_10_5) AppleWebKit/537.36 (KHTML, like Gecko) Chrome/51.0.2704.103 Safari/537.36', 'Connection': 'keep-alive', 'X-Requested-With': 'XMLHttpRequest', 'Referer': 'http://localhost:8003/', 'Cookie': 'qor-example=MTQ3MDQ2MTY2OHxEdi1CQkFFQ180SUFBUkFCRUFBQUJQLUNBQUE9fObADeHvkNdCwW9XFUNKZhB0ZRtK-LUncd3UVxF03AiZ; _xsrf=2|6c932d55|0ede9beab9873f6f51152cdd9c5566ae|1470484366; ticket="2|1:0|10:1470484377|6:ticket|44:MDQyY2IzM2Y2ZjhjNGU3ZmI5ZWE5NzAzZDFhZWFiZDk=|a985aa97e1a9fa535bb8029b600bfccf6ff6b141f127aa0fcec2d09206a32cb2"; account_id="2|1:0|10:1471239273|10:account_id|44:ZTE2YjAyMjllYjc4NGJjMWFmMWUwYzNjYTg5ZjYwM2E=|b77275f4104bfd46e1a0fb9de6a5f7c8a0ab2ec4d75cc4a3b30b1fadf9c612af"; gosessionid=ce6e43a01fb2320ff857d80c08922c76; remember_me="2|1:0|10:1471586350|11:remember_me|4:b24=|758175469902e26fa3d223e2dbe67fd926596ce8b97466750916a0fdd5bc359b"; vendor_id="2|1:0|10:1471586350|9:vendor_id|44:ZWNjYjAxZmEyZWVlNGNlMTkyNGVmMTkzMzdiYjhhMjg=|c1315c946d7a3c629aac5f50095cf29b7a2945061d72767d6acca25554782924"; login_name="2|1:0|10:1471598870|10:login_name|16:MTg2MjUyMTk1ODM=|142426dfcb9db0c0399218fddb8e06b8703d5484e67749c00c3c9ffd818037f0"; Hm_lvt_ba76f8230db5f616edc89ce066670710=1471323171; Hm_lpvt_ba76f8230db5f616edc89ce066670710=1471601247', 'Content-Type': 'application/x-www-form-urlencoded; charset=UTF-8'})
[I 160821 03:02:10 comm:61] got _url u''
[I 160821 03:02:10 comm:86] got path '/Users/thomas/backbone/qrcode'
[E 160821 03:02:10 web:1524] Uncaught exception POST /api/qrcode (::1)
    HTTPServerRequest(protocol='http', host='localhost:8003', method='POST', uri='/api/qrcode', version='HTTP/1.1', remote_ip='::1', headers={'Origin': 'http://localhost:8003', 'Content-Length': '4', 'Accept-Language': 'zh-CN,zh;q=0.8,en;q=0.6', 'Accept-Encoding': 'gzip, deflate', 'Host': 'localhost:8003', 'Accept': '*/*', 'User-Agent': 'Mozilla/5.0 (Macintosh; Intel Mac OS X 10_10_5) AppleWebKit/537.36 (KHTML, like Gecko) Chrome/51.0.2704.103 Safari/537.36', 'Connection': 'keep-alive', 'X-Requested-With': 'XMLHttpRequest', 'Referer': 'http://localhost:8003/', 'Cookie': 'qor-example=MTQ3MDQ2MTY2OHxEdi1CQkFFQ180SUFBUkFCRUFBQUJQLUNBQUE9fObADeHvkNdCwW9XFUNKZhB0ZRtK-LUncd3UVxF03AiZ; _xsrf=2|6c932d55|0ede9beab9873f6f51152cdd9c5566ae|1470484366; ticket="2|1:0|10:1470484377|6:ticket|44:MDQyY2IzM2Y2ZjhjNGU3ZmI5ZWE5NzAzZDFhZWFiZDk=|a985aa97e1a9fa535bb8029b600bfccf6ff6b141f127aa0fcec2d09206a32cb2"; account_id="2|1:0|10:1471239273|10:account_id|44:ZTE2YjAyMjllYjc4NGJjMWFmMWUwYzNjYTg5ZjYwM2E=|b77275f4104bfd46e1a0fb9de6a5f7c8a0ab2ec4d75cc4a3b30b1fadf9c612af"; gosessionid=ce6e43a01fb2320ff857d80c08922c76; remember_me="2|1:0|10:1471586350|11:remember_me|4:b24=|758175469902e26fa3d223e2dbe67fd926596ce8b97466750916a0fdd5bc359b"; vendor_id="2|1:0|10:1471586350|9:vendor_id|44:ZWNjYjAxZmEyZWVlNGNlMTkyNGVmMTkzMzdiYjhhMjg=|c1315c946d7a3c629aac5f50095cf29b7a2945061d72767d6acca25554782924"; login_name="2|1:0|10:1471598870|10:login_name|16:MTg2MjUyMTk1ODM=|142426dfcb9db0c0399218fddb8e06b8703d5484e67749c00c3c9ffd818037f0"; Hm_lvt_ba76f8230db5f616edc89ce066670710=1471323171; Hm_lpvt_ba76f8230db5f616edc89ce066670710=1471601247', 'Content-Type': 'application/x-www-form-urlencoded; charset=UTF-8'})
    Traceback (most recent call last):
      File "/Library/Python/2.7/site-packages/tornado-4.4.dev1-py2.7-macosx-10.10-intel.egg/tornado/web.py", line 1443, in _execute
        result = method(*self.path_args, **self.path_kwargs)
      File "/Users/thomas/backbone/qrcode/foo/comm.py", line 93, in post
        img_url = self.request['protocol'] + "://" + self.request['host']
    TypeError: 'HTTPServerRequest' object has no attribute '__getitem__'
[E 160821 03:02:10 web:1946] 500 POST /api/qrcode (::1) 71.48ms
[I 160821 03:04:08 autoreload:204] /Users/thomas/backbone/qrcode/foo/comm.py modified; restarting server
[I 160821 03:04:12 comm:58] HTTPServerRequest(protocol='http', host='localhost:8003', method='POST', uri='/api/qrcode', version='HTTP/1.1', remote_ip='::1', headers={'Origin': 'http://localhost:8003', 'Content-Length': '4', 'Accept-Language': 'zh-CN,zh;q=0.8,en;q=0.6', 'Accept-Encoding': 'gzip, deflate', 'Host': 'localhost:8003', 'Accept': '*/*', 'User-Agent': 'Mozilla/5.0 (Macintosh; Intel Mac OS X 10_10_5) AppleWebKit/537.36 (KHTML, like Gecko) Chrome/51.0.2704.103 Safari/537.36', 'Connection': 'keep-alive', 'X-Requested-With': 'XMLHttpRequest', 'Referer': 'http://localhost:8003/', 'Cookie': 'qor-example=MTQ3MDQ2MTY2OHxEdi1CQkFFQ180SUFBUkFCRUFBQUJQLUNBQUE9fObADeHvkNdCwW9XFUNKZhB0ZRtK-LUncd3UVxF03AiZ; _xsrf=2|6c932d55|0ede9beab9873f6f51152cdd9c5566ae|1470484366; ticket="2|1:0|10:1470484377|6:ticket|44:MDQyY2IzM2Y2ZjhjNGU3ZmI5ZWE5NzAzZDFhZWFiZDk=|a985aa97e1a9fa535bb8029b600bfccf6ff6b141f127aa0fcec2d09206a32cb2"; account_id="2|1:0|10:1471239273|10:account_id|44:ZTE2YjAyMjllYjc4NGJjMWFmMWUwYzNjYTg5ZjYwM2E=|b77275f4104bfd46e1a0fb9de6a5f7c8a0ab2ec4d75cc4a3b30b1fadf9c612af"; gosessionid=ce6e43a01fb2320ff857d80c08922c76; remember_me="2|1:0|10:1471586350|11:remember_me|4:b24=|758175469902e26fa3d223e2dbe67fd926596ce8b97466750916a0fdd5bc359b"; vendor_id="2|1:0|10:1471586350|9:vendor_id|44:ZWNjYjAxZmEyZWVlNGNlMTkyNGVmMTkzMzdiYjhhMjg=|c1315c946d7a3c629aac5f50095cf29b7a2945061d72767d6acca25554782924"; login_name="2|1:0|10:1471598870|10:login_name|16:MTg2MjUyMTk1ODM=|142426dfcb9db0c0399218fddb8e06b8703d5484e67749c00c3c9ffd818037f0"; Hm_lvt_ba76f8230db5f616edc89ce066670710=1471323171; Hm_lpvt_ba76f8230db5f616edc89ce066670710=1471601247', 'Content-Type': 'application/x-www-form-urlencoded; charset=UTF-8'})
[I 160821 03:04:12 comm:61] got _url u''
[I 160821 03:04:12 comm:86] got path '/Users/thomas/backbone/qrcode'
[E 160821 03:04:12 web:1524] Uncaught exception POST /api/qrcode (::1)
    HTTPServerRequest(protocol='http', host='localhost:8003', method='POST', uri='/api/qrcode', version='HTTP/1.1', remote_ip='::1', headers={'Origin': 'http://localhost:8003', 'Content-Length': '4', 'Accept-Language': 'zh-CN,zh;q=0.8,en;q=0.6', 'Accept-Encoding': 'gzip, deflate', 'Host': 'localhost:8003', 'Accept': '*/*', 'User-Agent': 'Mozilla/5.0 (Macintosh; Intel Mac OS X 10_10_5) AppleWebKit/537.36 (KHTML, like Gecko) Chrome/51.0.2704.103 Safari/537.36', 'Connection': 'keep-alive', 'X-Requested-With': 'XMLHttpRequest', 'Referer': 'http://localhost:8003/', 'Cookie': 'qor-example=MTQ3MDQ2MTY2OHxEdi1CQkFFQ180SUFBUkFCRUFBQUJQLUNBQUE9fObADeHvkNdCwW9XFUNKZhB0ZRtK-LUncd3UVxF03AiZ; _xsrf=2|6c932d55|0ede9beab9873f6f51152cdd9c5566ae|1470484366; ticket="2|1:0|10:1470484377|6:ticket|44:MDQyY2IzM2Y2ZjhjNGU3ZmI5ZWE5NzAzZDFhZWFiZDk=|a985aa97e1a9fa535bb8029b600bfccf6ff6b141f127aa0fcec2d09206a32cb2"; account_id="2|1:0|10:1471239273|10:account_id|44:ZTE2YjAyMjllYjc4NGJjMWFmMWUwYzNjYTg5ZjYwM2E=|b77275f4104bfd46e1a0fb9de6a5f7c8a0ab2ec4d75cc4a3b30b1fadf9c612af"; gosessionid=ce6e43a01fb2320ff857d80c08922c76; remember_me="2|1:0|10:1471586350|11:remember_me|4:b24=|758175469902e26fa3d223e2dbe67fd926596ce8b97466750916a0fdd5bc359b"; vendor_id="2|1:0|10:1471586350|9:vendor_id|44:ZWNjYjAxZmEyZWVlNGNlMTkyNGVmMTkzMzdiYjhhMjg=|c1315c946d7a3c629aac5f50095cf29b7a2945061d72767d6acca25554782924"; login_name="2|1:0|10:1471598870|10:login_name|16:MTg2MjUyMTk1ODM=|142426dfcb9db0c0399218fddb8e06b8703d5484e67749c00c3c9ffd818037f0"; Hm_lvt_ba76f8230db5f616edc89ce066670710=1471323171; Hm_lpvt_ba76f8230db5f616edc89ce066670710=1471601247', 'Content-Type': 'application/x-www-form-urlencoded; charset=UTF-8'})
    Traceback (most recent call last):
      File "/Library/Python/2.7/site-packages/tornado-4.4.dev1-py2.7-macosx-10.10-intel.egg/tornado/web.py", line 1443, in _execute
        result = method(*self.path_args, **self.path_kwargs)
      File "/Users/thomas/backbone/qrcode/foo/comm.py", line 93, in post
        img_url = self.request.get('protocol') + "://" + self.request.get('host')
    AttributeError: 'HTTPServerRequest' object has no attribute 'get'
[E 160821 03:04:12 web:1946] 500 POST /api/qrcode (::1) 68.14ms
[I 160821 03:06:07 autoreload:204] /Users/thomas/backbone/qrcode/foo/comm.py modified; restarting server
[I 160821 03:06:13 comm:58] HTTPServerRequest(protocol='http', host='localhost:8003', method='POST', uri='/api/qrcode', version='HTTP/1.1', remote_ip='::1', headers={'Origin': 'http://localhost:8003', 'Content-Length': '4', 'Accept-Language': 'zh-CN,zh;q=0.8,en;q=0.6', 'Accept-Encoding': 'gzip, deflate', 'Host': 'localhost:8003', 'Accept': '*/*', 'User-Agent': 'Mozilla/5.0 (Macintosh; Intel Mac OS X 10_10_5) AppleWebKit/537.36 (KHTML, like Gecko) Chrome/51.0.2704.103 Safari/537.36', 'Connection': 'keep-alive', 'X-Requested-With': 'XMLHttpRequest', 'Referer': 'http://localhost:8003/', 'Cookie': 'qor-example=MTQ3MDQ2MTY2OHxEdi1CQkFFQ180SUFBUkFCRUFBQUJQLUNBQUE9fObADeHvkNdCwW9XFUNKZhB0ZRtK-LUncd3UVxF03AiZ; _xsrf=2|6c932d55|0ede9beab9873f6f51152cdd9c5566ae|1470484366; ticket="2|1:0|10:1470484377|6:ticket|44:MDQyY2IzM2Y2ZjhjNGU3ZmI5ZWE5NzAzZDFhZWFiZDk=|a985aa97e1a9fa535bb8029b600bfccf6ff6b141f127aa0fcec2d09206a32cb2"; account_id="2|1:0|10:1471239273|10:account_id|44:ZTE2YjAyMjllYjc4NGJjMWFmMWUwYzNjYTg5ZjYwM2E=|b77275f4104bfd46e1a0fb9de6a5f7c8a0ab2ec4d75cc4a3b30b1fadf9c612af"; gosessionid=ce6e43a01fb2320ff857d80c08922c76; remember_me="2|1:0|10:1471586350|11:remember_me|4:b24=|758175469902e26fa3d223e2dbe67fd926596ce8b97466750916a0fdd5bc359b"; vendor_id="2|1:0|10:1471586350|9:vendor_id|44:ZWNjYjAxZmEyZWVlNGNlMTkyNGVmMTkzMzdiYjhhMjg=|c1315c946d7a3c629aac5f50095cf29b7a2945061d72767d6acca25554782924"; login_name="2|1:0|10:1471598870|10:login_name|16:MTg2MjUyMTk1ODM=|142426dfcb9db0c0399218fddb8e06b8703d5484e67749c00c3c9ffd818037f0"; Hm_lvt_ba76f8230db5f616edc89ce066670710=1471323171; Hm_lpvt_ba76f8230db5f616edc89ce066670710=1471601247', 'Content-Type': 'application/x-www-form-urlencoded; charset=UTF-8'})
[I 160821 03:06:13 comm:61] got _url u''
[I 160821 03:06:13 comm:86] got path '/Users/thomas/backbone/qrcode'
[I 160821 03:06:13 web:1946] 200 POST /api/qrcode (::1) 64.29ms
[I 160821 03:06:13 web:1946] 200 GET /static/qrcode/2016/08/21/03/29b99f99670911e6b406a45e60efbf2d.png (::1) 4.64ms
