[I 160818 23:20:21 comm:26] HTTPServerRequest(protocol='http', host='localhost:8001', method='GET', uri='/', version='HTTP/1.1', remote_ip='::1', headers={'Accept-Language': 'zh-cn', 'Accept-Encoding': 'gzip, deflate', 'Host': 'localhost:8001', 'Accept': 'text/html,application/xhtml+xml,application/xml;q=0.9,*/*;q=0.8', 'User-Agent': 'Mozilla/5.0 (Macintosh; Intel Mac OS X 10_10_5) AppleWebKit/601.7.7 (KHTML, like Gecko) Version/9.1.2 Safari/601.7.7', 'Connection': 'keep-alive', 'Cookie': '__utma=111872281.1738397280.1457400768.1457400768.1457400768.1; __utmz=111872281.1457400768.1.1.utmcsr=(direct)|utmccn=(direct)|utmcmd=(none); Hm_lpvt_ba76f8230db5f616edc89ce066670710=1471414098; Hm_lvt_6e903dee78cad135872fb42e794a3f75=1456726168; Hm_lvt_ba76f8230db5f616edc89ce066670710=1471323150; _xsrf=2|cd66f156|3e035475056365c95056aaf0eed357d4|1469000823; account_id="2|1:0|10:1470305846|10:account_id|44:Mjk2NjEzZTNkODU3NGJhOWIwZjY4ZGIzNWY4YTk0M2U=|2a7e556bd9c3f64535ed030db862fd23bbc253e0c421ddad09476021024ad1fd"; gosessionid=da0d734ccf5479fdb53d19c55d8d369e; login_name="2|1:0|10:1471301791|10:login_name|16:MTM5MTA1ODYzMTY=|49f747c32af3bf0eaec4c97845845bdd496298de13795aa018c6f5ec41db41b1"; remember_me="2|1:0|10:1471301791|11:remember_me|4:b24=|2b68a72b14541a14fa5c685567c612b236ab1c4a0bba683f38d376e51fee9674"; session_ticket="2|1:0|10:1471301791|14:session_ticket|44:M2U5NTI0NTc0ZTgwNGNjZTk2OWU5MGI0M2ZhNzM4MzQ=|3b37d732596f3333631b56cf48c3955544f0ec7d0ac1c90b08c9bc749c2dd466"; ticket="2|1:0|10:1470279103|6:ticket|44:ZTQwM2FkYjM3YzZkNGIyOWJmNzgyMGQ4NDBjYTY2NTg=|52ccb0191b2e4594d340ac79acaa2526f62efcf788276a871c9facf655296996"; vendor_id="2|1:0|10:1471301791|9:vendor_id|44:ZWNjYjAxZmEyZWVlNGNlMTkyNGVmMTkzMzdiYjhhMjg=|32fdf0e26a112560937200238cf29bec55890de488d3e1bba0df124be6fd6f35"'})
[I 160818 23:20:21 web:1946] 200 GET / (::1) 3.81ms
[I 160818 23:20:21 web:1946] 200 GET /static/css/animate.min.css (::1) 6.65ms
[I 160818 23:20:21 web:1946] 200 GET /static/css/bootstrap.min.css (::1) 1.46ms
[I 160818 23:20:21 web:1946] 200 GET /static/css/templatemo-style.css (::1) 0.78ms
[I 160818 23:20:21 web:1946] 200 GET /static/css/font-awesome.min.css (::1) 0.86ms
[I 160818 23:20:21 web:1946] 200 GET /static/css/jquery.fullPage.css (::1) 0.74ms
[I 160818 23:20:21 web:1946] 200 GET /images/portfolio-img1.jpg (::1) 1.04ms
[I 160818 23:20:21 web:1946] 200 GET /static/js/bootstrap.min.js (::1) 0.92ms
[I 160818 23:20:21 web:1946] 200 GET /static/js/jquery.fullPage.js (::1) 1.41ms
[I 160818 23:20:21 web:1946] 200 GET /static/js/smoothscroll.js (::1) 0.76ms
[I 160818 23:20:21 web:1946] 200 GET /static/js/jquery.simple-text-rotator.js (::1) 0.76ms
[I 160818 23:20:21 web:1946] 200 GET /static/js/wow.min.js (::1) 0.82ms
[I 160818 23:20:21 web:1946] 200 GET /static/js/jquery.js (::1) 1.42ms
[I 160818 23:20:21 web:1946] 200 GET /static/js/custom.js (::1) 0.81ms
[I 160818 23:20:21 web:1946] 200 GET /images/portfolio-img2.jpg (::1) 0.85ms
[I 160818 23:20:21 web:1946] 200 GET /images/portfolio-img3.jpg (::1) 0.80ms
[I 160818 23:20:21 web:1946] 200 GET /images/portfolio-img4.jpg (::1) 0.78ms
[I 160818 23:20:21 web:1946] 200 GET /images/portfolio-img5.jpg (::1) 0.88ms
[I 160818 23:20:21 web:1946] 200 GET /static/images/home-bg.jpg (::1) 3.66ms
[I 160818 23:20:21 web:1946] 200 GET /static/fonts/fontawesome-webfont.woff?v=4.3.0 (::1) 3.43ms
[W 160818 23:20:21 web:1946] 404 GET /favicon.ico (::1) 6.04ms
[I 160818 23:21:11 comm:26] HTTPServerRequest(protocol='http', host='localhost:8001', method='GET', uri='/', version='HTTP/1.1', remote_ip='::1', headers={'Accept-Language': 'zh-cn', 'Accept-Encoding': 'gzip, deflate', 'Host': 'localhost:8001', 'Accept': 'text/html,application/xhtml+xml,application/xml;q=0.9,*/*;q=0.8', 'User-Agent': 'Mozilla/5.0 (Macintosh; Intel Mac OS X 10_10_5) AppleWebKit/601.7.7 (KHTML, like Gecko) Version/9.1.2 Safari/601.7.7', 'Connection': 'keep-alive', 'Cookie': '__utma=111872281.1738397280.1457400768.1457400768.1457400768.1; __utmz=111872281.1457400768.1.1.utmcsr=(direct)|utmccn=(direct)|utmcmd=(none); Hm_lpvt_ba76f8230db5f616edc89ce066670710=1471414098; Hm_lvt_6e903dee78cad135872fb42e794a3f75=1456726168; Hm_lvt_ba76f8230db5f616edc89ce066670710=1471323150; _xsrf=2|cd66f156|3e035475056365c95056aaf0eed357d4|1469000823; account_id="2|1:0|10:1470305846|10:account_id|44:Mjk2NjEzZTNkODU3NGJhOWIwZjY4ZGIzNWY4YTk0M2U=|2a7e556bd9c3f64535ed030db862fd23bbc253e0c421ddad09476021024ad1fd"; gosessionid=da0d734ccf5479fdb53d19c55d8d369e; login_name="2|1:0|10:1471301791|10:login_name|16:MTM5MTA1ODYzMTY=|49f747c32af3bf0eaec4c97845845bdd496298de13795aa018c6f5ec41db41b1"; remember_me="2|1:0|10:1471301791|11:remember_me|4:b24=|2b68a72b14541a14fa5c685567c612b236ab1c4a0bba683f38d376e51fee9674"; session_ticket="2|1:0|10:1471301791|14:session_ticket|44:M2U5NTI0NTc0ZTgwNGNjZTk2OWU5MGI0M2ZhNzM4MzQ=|3b37d732596f3333631b56cf48c3955544f0ec7d0ac1c90b08c9bc749c2dd466"; ticket="2|1:0|10:1470279103|6:ticket|44:ZTQwM2FkYjM3YzZkNGIyOWJmNzgyMGQ4NDBjYTY2NTg=|52ccb0191b2e4594d340ac79acaa2526f62efcf788276a871c9facf655296996"; vendor_id="2|1:0|10:1471301791|9:vendor_id|44:ZWNjYjAxZmEyZWVlNGNlMTkyNGVmMTkzMzdiYjhhMjg=|32fdf0e26a112560937200238cf29bec55890de488d3e1bba0df124be6fd6f35"', 'Cache-Control': 'max-age=0'})
[I 160818 23:21:11 web:1946] 200 GET / (::1) 2.36ms
[I 160818 23:21:11 web:1946] 304 GET /static/css/animate.min.css (::1) 1.81ms
[I 160818 23:21:11 web:1946] 304 GET /static/js/jquery.js (::1) 1.20ms
[I 160818 23:21:11 web:1946] 304 GET /static/css/jquery.fullPage.css (::1) 0.53ms
[I 160818 23:21:11 web:1946] 304 GET /static/css/templatemo-style.css (::1) 0.61ms
[I 160818 23:21:11 web:1946] 304 GET /images/portfolio-img1.jpg (::1) 0.98ms
[I 160818 23:21:11 web:1946] 304 GET /static/css/bootstrap.min.css (::1) 1.69ms
[I 160818 23:21:11 web:1946] 304 GET /static/css/font-awesome.min.css (::1) 0.76ms
[I 160818 23:21:11 web:1946] 304 GET /static/js/wow.min.js (::1) 0.55ms
[I 160818 23:21:11 web:1946] 304 GET /static/js/custom.js (::1) 0.45ms
[I 160818 23:21:11 web:1946] 304 GET /images/portfolio-img3.jpg (::1) 0.78ms
[I 160818 23:21:11 web:1946] 304 GET /static/js/bootstrap.min.js (::1) 0.76ms
[I 160818 23:21:11 web:1946] 304 GET /static/js/jquery.simple-text-rotator.js (::1) 0.50ms
[I 160818 23:21:11 web:1946] 304 GET /images/portfolio-img2.jpg (::1) 0.77ms
[I 160818 23:21:11 web:1946] 304 GET /images/portfolio-img4.jpg (::1) 0.79ms
[I 160818 23:21:11 web:1946] 304 GET /static/js/jquery.fullPage.js (::1) 0.95ms
[I 160818 23:21:11 web:1946] 304 GET /images/portfolio-img5.jpg (::1) 0.82ms
[I 160818 23:21:11 web:1946] 304 GET /static/js/smoothscroll.js (::1) 0.51ms
[I 160818 23:21:11 web:1946] 304 GET /static/images/home-bg.jpg (::1) 0.92ms
[I 160818 23:21:11 web:1946] 304 GET /static/fonts/fontawesome-webfont.woff?v=4.3.0 (::1) 1.34ms
[I 160819 07:07:37 autoreload:204] index.py modified; restarting server
