Stop: 2016年 7月13日 星期三 14时26分04秒 CST
Start: 2016年 7月13日 星期三 14时26分04秒 CST
Stop: 2016年 7月13日 星期三 14时26分19秒 CST
Start: 2016年 7月13日 星期三 14时26分19秒 CST
Stop: 2016年 7月13日 星期三 14时33分08秒 CST
Start: 2016年 7月13日 星期三 14时33分08秒 CST
Stop: 2016年 7月13日 星期三 14时33分30秒 CST
Start: 2016年 7月13日 星期三 14时33分30秒 CST
Stop: 2016年 7月13日 星期三 14时33分51秒 CST
Start: 2016年 7月13日 星期三 14时33分51秒 CST
Stop: 2016年 7月13日 星期三 14时39分07秒 CST
Start: 2016年 7月13日 星期三 14时39分07秒 CST
Stop: 2016年 7月13日 星期三 14时39分30秒 CST
Start: 2016年 7月13日 星期三 14时39分30秒 CST
Stop: 2016年 7月13日 星期三 14时54分29秒 CST
Start: 2016年 7月13日 星期三 14时54分29秒 CST
Stop: 2016年 7月13日 星期三 14时56分40秒 CST
Start: 2016年 7月13日 星期三 14时56分40秒 CST
Stop: 2016年 7月13日 星期三 14时57分38秒 CST
Start: 2016年 7月13日 星期三 14时57分38秒 CST
Stop: 2016年 7月13日 星期三 15时01分40秒 CST
Start: 2016年 7月13日 星期三 15时01分40秒 CST
Stop: 2016年 7月13日 星期三 15时02分17秒 CST
Start: 2016年 7月13日 星期三 15时02分17秒 CST
Stop: 2016年 7月13日 星期三 15时32分03秒 CST
Start: 2016年 7月13日 星期三 15时32分03秒 CST
Stop: 2016年 7月13日 星期三 15时33分09秒 CST
Start: 2016年 7月13日 星期三 15时33分09秒 CST
Stop: 2016年 7月13日 星期三 15时33分23秒 CST
Start: 2016年 7月13日 星期三 15时33分23秒 CST
Stop: 2016年 7月13日 星期三 16时10分39秒 CST
Start: 2016年 7月13日 星期三 16时10分39秒 CST
Stop: 2016年 7月13日 星期三 16时17分03秒 CST
Start: 2016年 7月13日 星期三 16时17分03秒 CST
Stop: 2016年 7月13日 星期三 16时17分30秒 CST
Start: 2016年 7月13日 星期三 16时17分30秒 CST
Stop: 2016年 7月13日 星期三 16时41分02秒 CST
Start: 2016年 7月13日 星期三 16时41分02秒 CST
Stop: 2016年 7月13日 星期三 16时42分19秒 CST
Start: 2016年 7月13日 星期三 16时42分19秒 CST
Stop: 2016年 7月13日 星期三 16时47分46秒 CST
Start: 2016年 7月13日 星期三 16时47分46秒 CST
Stop: 2016年 7月13日 星期三 16时49分07秒 CST
Start: 2016年 7月13日 星期三 16时49分07秒 CST
Stop: 2016年 7月13日 星期三 16时57分31秒 CST
Start: 2016年 7月13日 星期三 16时57分31秒 CST
Stop: 2016年 7月13日 星期三 18时42分15秒 CST
Start: 2016年 7月13日 星期三 18时42分15秒 CST
Stop: 2016年 7月13日 星期三 18时43分04秒 CST
Start: 2016年 7月13日 星期三 18时43分04秒 CST
Stop: 2016年 7月13日 星期三 18时51分21秒 CST
Start: 2016年 7月13日 星期三 18时51分21秒 CST
Stop: 2016年 7月13日 星期三 18时53分01秒 CST
Start: 2016年 7月13日 星期三 18时53分02秒 CST
Stop: 2016年 7月13日 星期三 19时07分28秒 CST
Start: 2016年 7月13日 星期三 19时07分28秒 CST
Stop: 2016年 7月15日 星期五 13时42分10秒 CST
Start: 2016年 7月15日 星期五 13时42分10秒 CST
Stop: 2016年 7月15日 星期五 14时04分08秒 CST
Start: 2016年 7月15日 星期五 14时04分08秒 CST
Stop: 2016年 7月15日 星期五 14时07分57秒 CST
Start: 2016年 7月15日 星期五 14时07分57秒 CST
Stop: 2016年 7月15日 星期五 14时08分34秒 CST
Start: 2016年 7月15日 星期五 14时08分34秒 CST
Stop: 2016年 7月15日 星期五 14时09分03秒 CST
Start: 2016年 7月15日 星期五 14时09分03秒 CST
Stop: 2016年 7月15日 星期五 14时09分49秒 CST
Start: 2016年 7月15日 星期五 14时09分49秒 CST
Stop: 2016年 7月15日 星期五 14时11分39秒 CST
Start: 2016年 7月15日 星期五 14时11分39秒 CST
Stop: 2016年 7月15日 星期五 14时12分11秒 CST
Start: 2016年 7月15日 星期五 14时12分11秒 CST
Stop: 2016年 7月15日 星期五 14时13分40秒 CST
Start: 2016年 7月15日 星期五 14时13分40秒 CST
Stop: 2016年 7月15日 星期五 14时19分57秒 CST
Start: 2016年 7月15日 星期五 14时19分57秒 CST
Stop: 2016年 7月15日 星期五 14时21分17秒 CST
Start: 2016年 7月15日 星期五 14时21分17秒 CST
Stop: 2016年 7月15日 星期五 14时21分54秒 CST
Start: 2016年 7月15日 星期五 14时21分54秒 CST
Stop: 2016年 7月15日 星期五 14时22分22秒 CST
Start: 2016年 7月15日 星期五 14时22分22秒 CST
Stop: 2016年 7月15日 星期五 14时22分37秒 CST
Start: 2016年 7月15日 星期五 14时22分37秒 CST
Stop: 2016年 7月15日 星期五 14时23分48秒 CST
Start: 2016年 7月15日 星期五 14时23分48秒 CST
Stop: 2016年 7月15日 星期五 14时24分03秒 CST
Start: 2016年 7月15日 星期五 14时24分03秒 CST
Stop: 2016年 7月15日 星期五 14时24分42秒 CST
Start: 2016年 7月15日 星期五 14时24分42秒 CST
Stop: 2016年 7月15日 星期五 14时32分47秒 CST
Start: 2016年 7月15日 星期五 14时32分47秒 CST
Stop: 2016年 7月15日 星期五 14时33分16秒 CST
Start: 2016年 7月15日 星期五 14时33分16秒 CST
Stop: 2016年 7月15日 星期五 14时33分29秒 CST
Start: 2016年 7月15日 星期五 14时33分29秒 CST
Stop: 2016年 7月15日 星期五 14时34分16秒 CST
Start: 2016年 7月15日 星期五 14时34分16秒 CST
Stop: 2016年 7月15日 星期五 14时34分39秒 CST
Start: 2016年 7月15日 星期五 14时34分39秒 CST
Stop: 2016年 7月15日 星期五 14时34分50秒 CST
Start: 2016年 7月15日 星期五 14时34分50秒 CST
Stop: 2016年 7月15日 星期五 14时36分16秒 CST
Start: 2016年 7月15日 星期五 14时36分16秒 CST
Stop: 2016年 7月15日 星期五 14时37分30秒 CST
Start: 2016年 7月15日 星期五 14时37分30秒 CST
Stop: 2016年 7月15日 星期五 14时39分34秒 CST
Start: 2016年 7月15日 星期五 14时39分34秒 CST
Stop: 2016年 7月15日 星期五 14时41分07秒 CST
Start: 2016年 7月15日 星期五 14时41分07秒 CST
Stop: 2016年 7月15日 星期五 14时42分45秒 CST
Start: 2016年 7月15日 星期五 14时42分45秒 CST
Stop: 2016年 7月15日 星期五 14时46分17秒 CST
Start: 2016年 7月15日 星期五 14时46分17秒 CST
Stop: 2016年 7月15日 星期五 14时50分47秒 CST
Start: 2016年 7月15日 星期五 14时50分47秒 CST
Stop: 2016年 7月15日 星期五 14时51分16秒 CST
Start: 2016年 7月15日 星期五 14时51分16秒 CST
Stop: 2016年 7月15日 星期五 14时52分34秒 CST
Start: 2016年 7月15日 星期五 14时52分35秒 CST
Stop: 2016年 7月15日 星期五 14时55分14秒 CST
Start: 2016年 7月15日 星期五 14时55分14秒 CST
Stop: 2016年 7月15日 星期五 15时01分40秒 CST
Start: 2016年 7月15日 星期五 15时01分40秒 CST
Stop: 2016年 7月15日 星期五 15时04分09秒 CST
Start: 2016年 7月15日 星期五 15时04分09秒 CST
Stop: 2016年 7月15日 星期五 15时04分31秒 CST
Start: 2016年 7月15日 星期五 15时04分31秒 CST
Stop: 2016年 7月15日 星期五 15时06分56秒 CST
Start: 2016年 7月15日 星期五 15时06分56秒 CST
Stop: 2016年 7月15日 星期五 15时07分31秒 CST
Start: 2016年 7月15日 星期五 15时07分32秒 CST
Stop: 2016年 7月15日 星期五 15时09分31秒 CST
Start: 2016年 7月15日 星期五 15时09分31秒 CST
Stop: 2016年 7月15日 星期五 15时10分29秒 CST
Start: 2016年 7月15日 星期五 15时10分29秒 CST
Stop: 2016年 7月15日 星期五 15时12分43秒 CST
Start: 2016年 7月15日 星期五 15时12分43秒 CST
Stop: 2016年 7月15日 星期五 15时13分17秒 CST
Start: 2016年 7月15日 星期五 15时13分17秒 CST
Stop: 2016年 7月15日 星期五 15时25分29秒 CST
Start: 2016年 7月15日 星期五 15时25分30秒 CST
Stop: 2016年 7月15日 星期五 15时27分30秒 CST
Start: 2016年 7月15日 星期五 15时27分31秒 CST
Stop: 2016年 7月15日 星期五 15时28分57秒 CST
Start: 2016年 7月15日 星期五 15时28分57秒 CST
Stop: 2016年 7月15日 星期五 15时39分00秒 CST
Start: 2016年 7月15日 星期五 15时39分00秒 CST
Stop: 2016年 7月15日 星期五 15时41分47秒 CST
Start: 2016年 7月15日 星期五 15时41分47秒 CST
Stop: 2016年 7月15日 星期五 15时42分21秒 CST
Start: 2016年 7月15日 星期五 15时42分21秒 CST
Stop: 2016年 7月15日 星期五 15时42分56秒 CST
Start: 2016年 7月15日 星期五 15时42分56秒 CST
Stop: 2016年 7月15日 星期五 15时46分10秒 CST
Start: 2016年 7月15日 星期五 15时46分10秒 CST
Stop: 2016年 7月15日 星期五 15时46分47秒 CST
Start: 2016年 7月15日 星期五 15时46分47秒 CST
Stop: 2016年 7月15日 星期五 15时48分17秒 CST
Start: 2016年 7月15日 星期五 15时48分17秒 CST
Stop: 2016年 7月15日 星期五 15时48分36秒 CST
Start: 2016年 7月15日 星期五 15时48分36秒 CST
Stop: 2016年 7月15日 星期五 15时51分26秒 CST
Start: 2016年 7月15日 星期五 15时51分26秒 CST
Stop: 2016年 7月15日 星期五 15时56分14秒 CST
Start: 2016年 7月15日 星期五 15时56分14秒 CST
Stop: 2016年 7月15日 星期五 18时52分24秒 CST
Start: 2016年 7月15日 星期五 18时52分24秒 CST
Stop: 2016年 7月15日 星期五 18时53分13秒 CST
Start: 2016年 7月15日 星期五 18时53分13秒 CST
Stop: 2016年 7月15日 星期五 18时53分23秒 CST
Start: 2016年 7月15日 星期五 18时53分23秒 CST
Stop: 2016年 7月15日 星期五 18时53分40秒 CST
Start: 2016年 7月15日 星期五 18时53分40秒 CST
Stop: 2016年 7月15日 星期五 18时54分10秒 CST
Start: 2016年 7月15日 星期五 18时54分10秒 CST
Stop: 2016年 7月15日 星期五 18时54分36秒 CST
Start: 2016年 7月15日 星期五 18时54分36秒 CST
Stop: 2016年 7月15日 星期五 18时54分47秒 CST
Start: 2016年 7月15日 星期五 18时54分47秒 CST
Stop: 2016年 7月17日 星期日 10时11分57秒 CST
Start: 2016年 7月17日 星期日 10时11分57秒 CST
Stop: 2016年 7月17日 星期日 10时13分27秒 CST
Start: 2016年 7月17日 星期日 10时13分27秒 CST
Stop: 2016年 7月17日 星期日 11时17分15秒 CST
Start: 2016年 7月17日 星期日 11时17分15秒 CST
Stop: 2016年 7月17日 星期日 11时17分40秒 CST
Start: 2016年 7月17日 星期日 11时17分40秒 CST
Stop: 2016年 7月17日 星期日 11时23分08秒 CST
Start: 2016年 7月17日 星期日 11时23分08秒 CST
Stop: 2016年 7月17日 星期日 11时45分17秒 CST
Start: 2016年 7月17日 星期日 11时45分17秒 CST
Stop: 2016年 7月17日 星期日 12时29分49秒 CST
Start: 2016年 7月17日 星期日 12时29分49秒 CST
Stop: 2016年 7月17日 星期日 13时49分42秒 CST
Start: 2016年 7月17日 星期日 13时49分42秒 CST
Stop: 2016年 7月17日 星期日 13时52分09秒 CST
Start: 2016年 7月17日 星期日 13时52分09秒 CST
Stop: 2016年 7月17日 星期日 13时54分21秒 CST
Start: 2016年 7月17日 星期日 13时54分21秒 CST
Stop: 2016年 7月17日 星期日 13时55分07秒 CST
Start: 2016年 7月17日 星期日 13时55分07秒 CST
Stop: 2016年 7月17日 星期日 13时56分33秒 CST
Start: 2016年 7月17日 星期日 13时56分33秒 CST
Stop: 2016年 7月17日 星期日 13时56分44秒 CST
Start: 2016年 7月17日 星期日 13时56分44秒 CST
Stop: 2016年 7月17日 星期日 13时58分07秒 CST
Start: 2016年 7月17日 星期日 13时58分07秒 CST
Stop: 2016年 7月17日 星期日 14时13分46秒 CST
Start: 2016年 7月17日 星期日 14时13分46秒 CST
Stop: 2016年 7月17日 星期日 14时15分11秒 CST
Start: 2016年 7月17日 星期日 14时15分11秒 CST
Stop: 2016年 7月17日 星期日 14时16分50秒 CST
Start: 2016年 7月17日 星期日 14时16分50秒 CST
Stop: 2016年 7月17日 星期日 14时23分47秒 CST
Start: 2016年 7月17日 星期日 14时23分47秒 CST
Stop: 2016年 7月17日 星期日 15时19分06秒 CST
Start: 2016年 7月17日 星期日 15时19分06秒 CST
Stop: 2016年 7月17日 星期日 15时23分32秒 CST
Start: 2016年 7月17日 星期日 15时23分32秒 CST
Stop: 2016年 7月17日 星期日 15时44分48秒 CST
Start: 2016年 7月17日 星期日 15时44分48秒 CST
Stop: 2016年 7月17日 星期日 15时46分11秒 CST
Start: 2016年 7月17日 星期日 15时46分11秒 CST
Stop: 2016年 7月17日 星期日 17时10分54秒 CST
Start: 2016年 7月17日 星期日 17时10分54秒 CST
Stop: 2016年 7月17日 星期日 17时28分31秒 CST
Start: 2016年 7月17日 星期日 17时28分31秒 CST
Stop: 2016年 7月17日 星期日 17时29分40秒 CST
Start: 2016年 7月17日 星期日 17时29分40秒 CST
Stop: 2016年 7月17日 星期日 17时39分09秒 CST
Start: 2016年 7月17日 星期日 17时39分09秒 CST
Stop: 2016年 7月17日 星期日 17时42分36秒 CST
Start: 2016年 7月17日 星期日 17时42分36秒 CST
Stop: 2016年 7月17日 星期日 19时30分18秒 CST
Start: 2016年 7月17日 星期日 19时30分18秒 CST
Stop: 2016年 7月17日 星期日 19时43分52秒 CST
Start: 2016年 7月17日 星期日 19时43分52秒 CST
Stop: 2016年 7月17日 星期日 19时44分21秒 CST
Start: 2016年 7月17日 星期日 19时44分21秒 CST
Stop: 2016年 7月17日 星期日 20时09分38秒 CST
Start: 2016年 7月17日 星期日 20时09分38秒 CST
Stop: 2016年 7月17日 星期日 20时19分37秒 CST
Start: 2016年 7月17日 星期日 20时19分37秒 CST
Stop: 2016年 7月17日 星期日 20时26分52秒 CST
Start: 2016年 7月17日 星期日 20时26分52秒 CST
Stop: 2016年 7月17日 星期日 20时27分58秒 CST
Start: 2016年 7月17日 星期日 20时27分58秒 CST
Stop: 2016年 7月17日 星期日 20时29分01秒 CST
Start: 2016年 7月17日 星期日 20时29分01秒 CST
Stop: 2016年 7月17日 星期日 20时57分30秒 CST
Start: 2016年 7月17日 星期日 20时57分30秒 CST
Stop: 2016年 7月17日 星期日 22时52分01秒 CST
Start: 2016年 7月17日 星期日 22时52分01秒 CST
Stop: 2016年 7月17日 星期日 22时53分04秒 CST
Start: 2016年 7月17日 星期日 22时53分04秒 CST
Stop: 2016年 7月17日 星期日 22时53分33秒 CST
Start: 2016年 7月17日 星期日 22时53分33秒 CST
Stop: 2016年 7月17日 星期日 22时53分38秒 CST
Start: 2016年 7月17日 星期日 22时53分38秒 CST
Stop: 2016年 7月17日 星期日 22时56分16秒 CST
Start: 2016年 7月17日 星期日 22时56分16秒 CST
Stop: 2016年 7月17日 星期日 23时59分33秒 CST
Start: 2016年 7月17日 星期日 23时59分33秒 CST
Stop: 2016年 7月18日 星期一 00时35分51秒 CST
Start: 2016年 7月18日 星期一 00时35分51秒 CST
Stop: 2016年 7月18日 星期一 01时49分22秒 CST
Start: 2016年 7月18日 星期一 01时49分22秒 CST
Stop: 2016年 7月18日 星期一 01时52分49秒 CST
Start: 2016年 7月18日 星期一 01时52分49秒 CST
Stop: 2016年 7月18日 星期一 01时53分19秒 CST
Start: 2016年 7月18日 星期一 01时53分19秒 CST
Stop: 2016年 7月18日 星期一 02时08分36秒 CST
Start: 2016年 7月18日 星期一 02时08分36秒 CST
Stop: 2016年 7月18日 星期一 02时32分10秒 CST
Start: 2016年 7月18日 星期一 02时32分10秒 CST
Stop: 2016年 7月18日 星期一 02时43分18秒 CST
Start: 2016年 7月18日 星期一 02时43分18秒 CST
Stop: 2016年 7月18日 星期一 03时59分27秒 CST
Start: 2016年 7月18日 星期一 03时59分27秒 CST
Stop: 2016年 7月18日 星期一 12时46分04秒 CST
Start: 2016年 7月18日 星期一 12时46分04秒 CST
Stop: 2016年 7月18日 星期一 12时53分49秒 CST
Start: 2016年 7月18日 星期一 12时53分49秒 CST
Stop: 2016年 7月18日 星期一 12时54分41秒 CST
Start: 2016年 7月18日 星期一 12时54分41秒 CST
Stop: 2016年 7月18日 星期一 12时55分24秒 CST
Start: 2016年 7月18日 星期一 12时55分24秒 CST
Stop: 2016年 7月18日 星期一 12时56分21秒 CST
Start: 2016年 7月18日 星期一 12时56分21秒 CST
Stop: 2016年 7月18日 星期一 12时57分09秒 CST
Start: 2016年 7月18日 星期一 12时57分09秒 CST
Stop: 2016年 7月18日 星期一 13时36分55秒 CST
Start: 2016年 7月18日 星期一 13时36分55秒 CST
Stop: 2016年 7月18日 星期一 13时45分10秒 CST
Start: 2016年 7月18日 星期一 13时45分10秒 CST
Stop: 2016年 7月18日 星期一 13时47分21秒 CST
Start: 2016年 7月18日 星期一 13时47分21秒 CST
Stop: 2016年 7月18日 星期一 13时48分14秒 CST
Start: 2016年 7月18日 星期一 13时48分14秒 CST
Stop: 2016年 7月18日 星期一 13时49分43秒 CST
Start: 2016年 7月18日 星期一 13时49分43秒 CST
Stop: 2016年 7月18日 星期一 15时33分06秒 CST
Start: 2016年 7月18日 星期一 15时33分06秒 CST
Stop: 2016年 7月19日 星期二 09时17分45秒 CST
Start: 2016年 7月19日 星期二 09时17分45秒 CST
Stop: 2016年 7月19日 星期二 09时59分50秒 CST
Start: 2016年 7月19日 星期二 09时59分50秒 CST
Stop: 2016年 7月19日 星期二 10时07分54秒 CST
Start: 2016年 7月19日 星期二 10时07分54秒 CST
Stop: 2016年 7月19日 星期二 10时11分17秒 CST
Start: 2016年 7月19日 星期二 10时11分17秒 CST
Stop: 2016年 7月19日 星期二 10时16分11秒 CST
Start: 2016年 7月19日 星期二 10时16分11秒 CST
Stop: 2016年 7月19日 星期二 10时17分43秒 CST
Start: 2016年 7月19日 星期二 10时17分43秒 CST
Stop: 2016年 7月19日 星期二 10时18分53秒 CST
Start: 2016年 7月19日 星期二 10时18分53秒 CST
Stop: 2016年 7月19日 星期二 10时30分16秒 CST
Start: 2016年 7月19日 星期二 10时30分16秒 CST
Stop: 2016年 7月19日 星期二 10时49分44秒 CST
Start: 2016年 7月19日 星期二 10时49分44秒 CST
Stop: 2016年 7月19日 星期二 11时14分07秒 CST
Start: 2016年 7月19日 星期二 11时14分07秒 CST
Stop: 2016年 7月19日 星期二 11时14分53秒 CST
Start: 2016年 7月19日 星期二 11时14分53秒 CST
Stop: 2016年 7月19日 星期二 11时17分25秒 CST
Start: 2016年 7月19日 星期二 11时17分25秒 CST
Stop: 2016年 7月19日 星期二 11时35分55秒 CST
Start: 2016年 7月19日 星期二 11时35分55秒 CST
Stop: 2016年 7月19日 星期二 11时43分40秒 CST
Start: 2016年 7月19日 星期二 11时43分40秒 CST
Stop: 2016年 7月19日 星期二 12时41分40秒 CST
Start: 2016年 7月19日 星期二 12时41分40秒 CST
Stop: 2016年 7月19日 星期二 12时42分43秒 CST
Start: 2016年 7月19日 星期二 12时42分43秒 CST
Stop: 2016年 7月19日 星期二 15时59分16秒 CST
Start: 2016年 7月19日 星期二 15时59分16秒 CST
Stop: 2016年 7月19日 星期二 16时18分05秒 CST
Start: 2016年 7月19日 星期二 16时18分05秒 CST
Stop: 2016年 7月19日 星期二 16时19分36秒 CST
Start: 2016年 7月19日 星期二 16时19分36秒 CST
Stop: 2016年 7月19日 星期二 17时23分37秒 CST
Start: 2016年 7月19日 星期二 17时23分37秒 CST
Stop: 2016年 7月19日 星期二 17时24分59秒 CST
Start: 2016年 7月19日 星期二 17时24分59秒 CST
Stop: 2016年 7月19日 星期二 18时29分16秒 CST
Start: 2016年 7月19日 星期二 18时29分16秒 CST
Stop: 2016年 7月19日 星期二 23时42分36秒 CST
Start: 2016年 7月19日 星期二 23时42分36秒 CST
Stop: 2016年 7月20日 星期三 00时05分20秒 CST
Start: 2016年 7月20日 星期三 00时05分20秒 CST
Stop: 2016年 7月20日 星期三 15时46分14秒 CST
Start: 2016年 7月20日 星期三 15时46分14秒 CST
Stop: 2016年 7月20日 星期三 18时13分11秒 CST
Start: 2016年 7月20日 星期三 18时13分11秒 CST
Stop: 2016年 7月20日 星期三 18时45分12秒 CST
Start: 2016年 7月20日 星期三 18时45分12秒 CST
Stop: 2016年 7月21日 星期四 10时40分47秒 CST
Start: 2016年 7月21日 星期四 10时40分47秒 CST
Stop: 2016年 7月21日 星期四 11时04分44秒 CST
Start: 2016年 7月21日 星期四 11时04分44秒 CST
Stop: 2016年 7月21日 星期四 13时21分03秒 CST
Start: 2016年 7月21日 星期四 13时21分03秒 CST
Stop: 2016年 7月21日 星期四 13时21分56秒 CST
Start: 2016年 7月21日 星期四 13时21分56秒 CST
Stop: 2016年 7月21日 星期四 13时22分06秒 CST
Start: 2016年 7月21日 星期四 13时22分06秒 CST
Stop: 2016年 7月21日 星期四 13时22分47秒 CST
Start: 2016年 7月21日 星期四 13时22分47秒 CST
Stop: 2016年 7月22日 星期五 11时09分05秒 CST
Start: 2016年 7月22日 星期五 11时09分05秒 CST
Stop: 2016年 7月22日 星期五 12时35分20秒 CST
Start: 2016年 7月22日 星期五 12时35分20秒 CST
Stop: 2016年 7月22日 星期五 12时35分33秒 CST
Start: 2016年 7月22日 星期五 12时35分33秒 CST
Stop: 2016年 7月22日 星期五 14时31分43秒 CST
Start: 2016年 7月22日 星期五 14时31分43秒 CST
Stop: 2016年 7月22日 星期五 18时33分12秒 CST
Start: 2016年 7月22日 星期五 18时33分12秒 CST
Stop: 2016年 7月22日 星期五 23时43分59秒 CST
Start: 2016年 7月22日 星期五 23时43分59秒 CST
Stop: 2016年 7月23日 星期六 00时15分34秒 CST
Start: 2016年 7月23日 星期六 00时15分34秒 CST
Stop: 2016年 7月24日 星期日 12时25分05秒 CST
Start: 2016年 7月24日 星期日 12时25分05秒 CST
Stop: 2016年 7月24日 星期日 14时07分46秒 CST
Start: 2016年 7月24日 星期日 14时07分46秒 CST
Stop: 2016年 7月24日 星期日 14时22分19秒 CST
Start: 2016年 7月24日 星期日 14时22分19秒 CST
Stop: 2016年 7月24日 星期日 23时08分25秒 CST
Start: 2016年 7月24日 星期日 23时08分25秒 CST
Stop: 2016年 7月25日 星期一 00时58分14秒 CST
Start: 2016年 7月25日 星期一 00时58分14秒 CST
Stop: 2016年 7月25日 星期一 01时04分17秒 CST
Start: 2016年 7月25日 星期一 01时04分17秒 CST
Stop: 2016年 7月25日 星期一 10时12分52秒 CST
Start: 2016年 7月25日 星期一 10时12分52秒 CST
Stop: 2016年 7月30日 星期六 10时07分47秒 CST
Start: 2016年 7月30日 星期六 10时07分47秒 CST
Stop: 2016年 7月30日 星期六 10时10分15秒 CST
Start: 2016年 7月30日 星期六 10时10分15秒 CST
Stop: 2016年 7月30日 星期六 17时01分31秒 CST
Start: 2016年 7月30日 星期六 17时01分31秒 CST
Stop: 2016年 8月 1日 星期一 09时49分09秒 CST
Start: 2016年 8月 1日 星期一 09时49分09秒 CST
Stop: 2016年 8月 1日 星期一 15时47分56秒 CST
Start: 2016年 8月 1日 星期一 15时47分56秒 CST
Stop: 2016年 8月 1日 星期一 17时19分54秒 CST
Start: 2016年 8月 1日 星期一 17时19分54秒 CST
Stop: 2016年 8月 1日 星期一 17时21分29秒 CST
Start: 2016年 8月 1日 星期一 17时21分29秒 CST
Stop: 2016年 8月 1日 星期一 17时22分16秒 CST
Start: 2016年 8月 1日 星期一 17时22分16秒 CST
Stop: 2016年 8月 1日 星期一 17时23分38秒 CST
Start: 2016年 8月 1日 星期一 17时23分38秒 CST
Stop: 2016年 8月 2日 星期二 12时20分35秒 CST
Start: 2016年 8月 2日 星期二 12时20分35秒 CST
Stop: 2016年 8月 2日 星期二 12时22分25秒 CST
Start: 2016年 8月 2日 星期二 12时22分25秒 CST
Stop: 2016年 8月 2日 星期二 12时30分33秒 CST
Start: 2016年 8月 2日 星期二 12时30分33秒 CST
Stop: 2016年 8月 3日 星期三 08时00分43秒 CST
Start: 2016年 8月 3日 星期三 08时00分43秒 CST
Stop: 2016年 8月 3日 星期三 20时40分10秒 CST
Start: 2016年 8月 3日 星期三 20时40分10秒 CST
Stop: 2016年 8月 3日 星期三 21时09分09秒 CST
Start: 2016年 8月 3日 星期三 21时09分09秒 CST
Stop: 2016年 8月 4日 星期四 12时04分02秒 CST
Start: 2016年 8月 4日 星期四 12时04分02秒 CST
Stop: 2016年 8月 4日 星期四 14时04分29秒 CST
Start: 2016年 8月 4日 星期四 14时04分29秒 CST
Stop: 2016年 8月 4日 星期四 15时51分51秒 CST
Start: 2016年 8月 4日 星期四 15时51分51秒 CST
Stop: 2016年 8月 4日 星期四 15时52分12秒 CST
Start: 2016年 8月 4日 星期四 15时52分12秒 CST
Stop: 2016年 8月 7日 星期日 18时28分15秒 CST
Start: 2016年 8月 7日 星期日 18时28分15秒 CST
Stop: 2016年 8月 7日 星期日 18时29分20秒 CST
Start: 2016年 8月 7日 星期日 18时29分20秒 CST
Stop: 2016年 8月11日 星期四 22时56分48秒 CST
Start: 2016年 8月11日 星期四 22时56分49秒 CST
Stop: 2016年 8月11日 星期四 23时00分11秒 CST
Start: 2016年 8月11日 星期四 23时00分11秒 CST
Stop: 2016年 8月11日 星期四 23时02分05秒 CST
Start: 2016年 8月11日 星期四 23时02分05秒 CST
Stop: 2016年 8月11日 星期四 23时02分26秒 CST
Start: 2016年 8月11日 星期四 23时02分26秒 CST
Stop: 2016年 8月11日 星期四 23时02分33秒 CST
Start: 2016年 8月11日 星期四 23时02分33秒 CST
Stop: 2016年 8月11日 星期四 23时19分35秒 CST
Start: 2016年 8月11日 星期四 23时19分35秒 CST
Stop: 2016年 8月11日 星期四 23时19分53秒 CST
Start: 2016年 8月11日 星期四 23时19分53秒 CST
Stop: 2016年 8月11日 星期四 23时20分13秒 CST
Start: 2016年 8月11日 星期四 23时20分13秒 CST
Stop: 2016年 8月11日 星期四 23时20分49秒 CST
Start: 2016年 8月11日 星期四 23时20分49秒 CST
Stop: 2016年 8月11日 星期四 23时45分48秒 CST
Start: 2016年 8月11日 星期四 23时45分48秒 CST
Stop: 2016年 8月18日 星期四 23时19分58秒 CST
Start: 2016年 8月18日 星期四 23时19分58秒 CST
Stop: 2016年 8月20日 星期六 22时12分45秒 CST
Stop: 2016年 8月20日 星期六 22时23分15秒 CST
Start: 2016年 8月20日 星期六 22时23分15秒 CST
Stop: 2016年 8月20日 星期六 23时38分41秒 CST
Start: 2016年 8月20日 星期六 23时38分41秒 CST
Stop: 2016年 8月21日 星期日 02时26分31秒 CST
Start: 2016年 8月21日 星期日 02时26分31秒 CST
Stop: 2016年 8月21日 星期日 09时33分56秒 CST
Start: 2016年 8月21日 星期日 09时33分56秒 CST
Stop: 2016年 8月21日 星期日 09时39分16秒 CST
Start: 2016年 8月21日 星期日 09时39分16秒 CST
Stop: 2016年 8月21日 星期日 09时56分06秒 CST
Start: 2016年 8月21日 星期日 09时56分06秒 CST
Stop: 2016年 8月21日 星期日 10时03分24秒 CST
Start: 2016年 8月21日 星期日 10时03分24秒 CST
Stop: 2016年 8月21日 星期日 10时05分49秒 CST
Start: 2016年 8月21日 星期日 10时05分49秒 CST
Stop: 2016年 8月21日 星期日 10时18分56秒 CST
Start: 2016年 8月21日 星期日 10时18分56秒 CST
